#
# A fatal error has been detected by the Java Runtime Environment:
#
#  SIGSEGV (0xb) at pc=0x00007f51c579fb56, pid=25334, tid=139988978239232
#
# JRE version: OpenJDK Runtime Environment (7.0_65-b32) (build 1.7.0_65-b32)
# Java VM: OpenJDK 64-Bit Server VM (24.65-b04 mixed mode linux-amd64 compressed oops)
# Derivative: IcedTea 2.5.3
# Distribution: Ubuntu 14.04 LTS, package 7u71-2.5.3-0ubuntu0.14.04.1
# Problematic frame:
# V  [libjvm.so+0x93cb56]  interpretedVFrame::monitors() const+0x1b6
#
# Failed to write core dump. Core dumps have been disabled. To enable core dumping, try "ulimit -c unlimited" before starting Java again
#
# If you would like to submit a bug report, please include
# instructions on how to reproduce the bug and visit:
#   http://icedtea.classpath.org/bugzilla
#

---------------  T H R E A D  ---------------

Current thread (0x00007f51c00b7800):  JavaThread "JDWP Transport Listener: dt_socket" daemon [_thread_in_vm, id=25352, stack(0x00007f51b9420000,0x00007f51b9521000)]

siginfo:si_signo=SIGSEGV: si_errno=0, si_code=2 (SEGV_ACCERR), si_addr=0x00007f51c6973ff8

Registers:
RAX=0x00000000e2c5e000, RBX=0x00007f518818f200, RCX=0x000000000000fc9b, RDX=0x000000000000fc9a
RSP=0x00007f51b951f170, RBP=0x00007f51b951f210, RSI=0x0000000000000000, RDI=0x0000000000000020
R8 =0x00007f518c29fd10, R9 =0x000000000029f000, R10=0x0000000000000022, R11=0x000000008c000001
R12=0x00007f518818f800, R13=0x00007f51c6973ff0, R14=0x00007f51b951f1b0, R15=0x0000000000000000
RIP=0x00007f51c579fb56, EFLAGS=0x0000000000010246, CSGSFS=0x7465000000000033, ERR=0x0000000000000004
  TRAPNO=0x000000000000000e

Top of Stack: (sp=0x00007f51b951f170)
0x00007f51b951f170:   00007f51c00af9d0 00007f518c1dea90
0x00007f51b951f180:   00007f51c6a709b0 00007f51bba750d8
0x00007f51b951f190:   00007f51bba74310 00007f5100000000
0x00007f51b951f1a0:   00007f51c6a709f0 00007f51c6a709b0
0x00007f51b951f1b0:   00007f51c6a709b0 00007f51bba750d8
0x00007f51b951f1c0:   00007f51bba74310 00007f5100000000
0x00007f51b951f1d0:   00007f51c6a709f0 00007f51c6a709b0
0x00007f51b951f1e0:   00007f51b951f270 00007f51c00af9d0
0x00007f51b951f1f0:   00007f51c5c15e18 0000000000000000
0x00007f51b951f200:   00007f518c009ab0 00007f51c000c800
0x00007f51b951f210:   00007f51b951f2f0 00007f51c54fab16
0x00007f51b951f220:   00007f518818f200 00007f518818f200
0x00007f51b951f230:   00007f51b951f250 00007f51c57a0d8e
0x00007f51b951f240:   00000000000083b0 0000000100000001
0x00007f51b951f250:   00007f51c00b7800 00007f5188196bd8
0x00007f51b951f260:   00007f518818f800 00007f51c000c800
0x00007f51b951f270:   00007f518818ebf0 00007f51b951f390
0x00007f51b951f280:   00007f51c0003f40 00007f51c00af9d0
0x00007f51b951f290:   00007f51b951f2f0 00007f51c575ee39
0x00007f51b951f2a0:   00007f51c6a70960 0000000000000001
0x00007f51b951f2b0:   00007f51c5c15e18 00007f51c000c800
0x00007f51b951f2c0:   00007f518c009ab0 0000000000000001
0x00007f51b951f2d0:   00007f51c5c15e18 00007f51c000c800
0x00007f51b951f2e0:   00007f518c009ab0 00007f518818f200
0x00007f51b951f2f0:   00007f51b951f980 00007f51c54faf65
0x00007f51b951f300:   00000000000003d8 00007f51c00af9d0
0x00007f51b951f310:   00007f51b951f350 00007f51c00b8578
0x00007f51b951f320:   00007f51c00b81a0 00007f51b951f390
0x00007f51b951f330:   00007f518c009ab0 00007f51c00b8190
0x00007f51b951f340:   00007f51c00b7800 00007f51c0003f40
0x00007f51b951f350:   00007f51c00b7800 00007f51c00b8580
0x00007f51b951f360:   00007f51c00b85c0 00007f51c00b85d0 

Instructions: (pc=0x00007f51c579fb56)
0x00007f51c579fb36:   89 45 c0 48 8b 43 30 48 89 45 c8 e8 da 68 bd ff
0x00007f51c579fb46:   49 39 c5 0f 82 f9 00 00 00 31 f6 bf 20 00 00 00
0x00007f51c579fb56:   4d 8b 7d 08 e8 a1 31 f1 ff 48 85 c0 49 89 c0 74
0x00007f51c579fb66:   17 4c 89 38 48 c7 40 10 00 00 00 00 4c 89 68 08 

Register to memory mapping:

RAX=0x00000000e2c5e000 is an oop
java.lang.NullPointerException 
 - klass: 'java/lang/NullPointerException'
RBX=0x00007f518818f200 is an unknown value
RCX=0x000000000000fc9b is an unknown value
RDX=0x000000000000fc9a is an unknown value
RSP=0x00007f51b951f170 is pointing into the stack for thread: 0x00007f51c00b7800
RBP=0x00007f51b951f210 is pointing into the stack for thread: 0x00007f51c00b7800
RSI=0x0000000000000000 is an unknown value
RDI=0x0000000000000020 is an unknown value
R8 =0x00007f518c29fd10 is an unknown value
R9 =0x000000000029f000 is an unknown value
R10=0x0000000000000022 is an unknown value
R11=0x000000008c000001 is an unknown value
R12=0x00007f518818f800 is an unknown value
R13=0x00007f51c6973ff0 is pointing into the stack for thread: 0x00007f51c000c800
R14=0x00007f51b951f1b0 is pointing into the stack for thread: 0x00007f51c00b7800
R15=0x0000000000000000 is an unknown value


Stack: [0x00007f51b9420000,0x00007f51b9521000],  sp=0x00007f51b951f170,  free space=1020k
Native frames: (J=compiled Java code, j=interpreted, Vv=VM code, C=native code)
V  [libjvm.so+0x93cb56]  interpretedVFrame::monitors() const+0x1b6
V  [libjvm.so+0x697b16]  JvmtiEnvBase::get_locked_objects_in_frame(JavaThread*, JavaThread*, javaVFrame*, GrowableArray<_jvmtiMonitorStackDepthInfo*>*, int)+0x76
V  [libjvm.so+0x697f65]  JvmtiEnvBase::get_owned_monitors(JavaThread*, JavaThread*, GrowableArray<_jvmtiMonitorStackDepthInfo*>*)+0x115
V  [libjvm.so+0x68d976]  JvmtiEnv::GetOwnedMonitorInfo(JavaThread*, int*, _jobject***)+0xe6
V  [libjvm.so+0x64403f]  jvmti_GetOwnedMonitorInfo+0x21f
C  [libjdwp.so+0x9f26]
C  [libjdwp.so+0x11688]
C  [libjdwp.so+0x23795]
V  [libjvm.so+0x6aa58b]  JvmtiAgentThread::start_function_wrapper(JavaThread*, Thread*)+0x9b
V  [libjvm.so+0x8ffba0]  JavaThread::thread_main_inner()+0xf0
V  [libjvm.so+0x8ffe11]  JavaThread::run()+0x221
V  [libjvm.so+0x7c4ac2]  java_start(Thread*)+0xf2


---------------  P R O C E S S  ---------------

Java Threads: ( => current thread )
  0x00007f51c00c3000 JavaThread "Service Thread" daemon [_thread_blocked, id=25361, stack(0x00007f51b8f1b000,0x00007f51b901c000)]
  0x00007f51c00c0800 JavaThread "C2 CompilerThread1" daemon [_thread_blocked, id=25360, stack(0x00007f51b901c000,0x00007f51b911d000)]
  0x00007f51c00bd800 JavaThread "C2 CompilerThread0" daemon [_thread_blocked, id=25359, stack(0x00007f51b911d000,0x00007f51b921e000)]
  0x00007f518c001000 JavaThread "JDWP Command Reader" daemon [_thread_in_native, id=25356, stack(0x00007f51b921e000,0x00007f51b931f000)]
  0x00007f51c00bb800 JavaThread "JDWP Event Helper Thread" daemon [_thread_blocked, id=25355, stack(0x00007f51b931f000,0x00007f51b9420000)]
=>0x00007f51c00b7800 JavaThread "JDWP Transport Listener: dt_socket" daemon [_thread_in_vm, id=25352, stack(0x00007f51b9420000,0x00007f51b9521000)]
  0x00007f51c00aa800 JavaThread "Signal Dispatcher" daemon [_thread_blocked, id=25350, stack(0x00007f51b9726000,0x00007f51b9827000)]
  0x00007f51c007e800 JavaThread "Finalizer" daemon [_thread_blocked, id=25349, stack(0x00007f51b9827000,0x00007f51b9928000)]
  0x00007f51c007c800 JavaThread "Reference Handler" daemon [_thread_blocked, id=25348, stack(0x00007f51b9928000,0x00007f51b9a29000)]
  0x00007f51c000c800 JavaThread "main" [_thread_blocked, id=25340, stack(0x00007f51c6971000,0x00007f51c6a72000)]

Other Threads:
  0x00007f51c0078000 VMThread [stack: 0x00007f51b9a29000,0x00007f51b9b2a000] [id=25346]
  0x00007f51c00cd800 WatcherThread [stack: 0x00007f51b8e1a000,0x00007f51b8f1b000] [id=25362]

VM state:not at safepoint (normal execution)

VM Mutex/Monitor currently owned by a thread: None

Heap
 PSYoungGen      total 27648K, used 21276K [0x00000000e1800000, 0x00000000e3680000, 0x0000000100000000)
  eden space 24064K, 88% used [0x00000000e1800000,0x00000000e2cc7030,0x00000000e2f80000)
  from space 3584K, 0% used [0x00000000e3300000,0x00000000e3300000,0x00000000e3680000)
  to   space 3584K, 0% used [0x00000000e2f80000,0x00000000e2f80000,0x00000000e3300000)
 ParOldGen       total 62464K, used 0K [0x00000000a4800000, 0x00000000a8500000, 0x00000000e1800000)
  object space 62464K, 0% used [0x00000000a4800000,0x00000000a4800000,0x00000000a8500000)
 PSPermGen       total 21504K, used 10876K [0x000000009a200000, 0x000000009b700000, 0x00000000a4800000)
  object space 21504K, 50% used [0x000000009a200000,0x000000009ac9f250,0x000000009b700000)

Card table byte_map: [0x00007f51bb73f000,0x00007f51bba6f000] byte_map_base: 0x00007f51bb26e000

Polling page: 0x00007f51c6a91000

Code Cache  [0x00007f51bba6f000, 0x00007f51bbcdf000, 0x00007f51bea6f000)
 total_blobs=343 nmethods=54 adapters=250 free_code_cache=48584Kb largest_free_block=49728960

Compilation events (10 events):
Event: 0,528 Thread 0x00007f51c00c0800   50             java.util.HashMap::get (29 bytes)
Event: 0,531 Thread 0x00007f51c00c0800 nmethod 50 0x00007f51bbaf2ed0 code [0x00007f51bbaf3040, 0x00007f51bbaf3288]
Event: 0,589 Thread 0x00007f51c00bd800   51             java.lang.String$CaseInsensitiveComparator::compare (111 bytes)
Event: 0,596 Thread 0x00007f51c00bd800 nmethod 51 0x00007f51bbaf4210 code [0x00007f51bbaf43e0, 0x00007f51bbaf4a50]
Event: 0,621 Thread 0x00007f51c00c0800   52             java.lang.String::startsWith (7 bytes)
Event: 0,624 Thread 0x00007f51c00c0800 nmethod 52 0x00007f51bbafd2d0 code [0x00007f51bbafd420, 0x00007f51bbafd6b8]
Event: 0,627 Thread 0x00007f51c00bd800   53             java.util.Arrays::copyOf (19 bytes)
Event: 0,629 Thread 0x00007f51c00bd800 nmethod 53 0x00007f51bbafd8d0 code [0x00007f51bbafda20, 0x00007f51bbafdbb8]
Event: 0,640 Thread 0x00007f51c00c0800   54  s!         sun.misc.URLClassPath::getLoader (154 bytes)
Event: 0,658 Thread 0x00007f51c00c0800 nmethod 54 0x00007f51bbb00510 code [0x00007f51bbb00740, 0x00007f51bbb01840]

GC Heap History (0 events):
No events

Deoptimization events (10 events):
Event: 0,495 Thread 0x00007f51c000c800 Uncommon trap: reason=range_check action=none pc=0x00007f51bbae7254 method=sun.reflect.generics.parser.SignatureParser.current()C @ 34
Event: 0,556 Thread 0x00007f51c000c800 Uncommon trap: reason=range_check action=none pc=0x00007f51bbae7254 method=sun.reflect.generics.parser.SignatureParser.current()C @ 34
Event: 0,557 Thread 0x00007f51c000c800 Uncommon trap: reason=range_check action=none pc=0x00007f51bbae7254 method=sun.reflect.generics.parser.SignatureParser.current()C @ 34
Event: 0,557 Thread 0x00007f51c000c800 Uncommon trap: reason=range_check action=none pc=0x00007f51bbae7254 method=sun.reflect.generics.parser.SignatureParser.current()C @ 34
Event: 0,564 Thread 0x00007f51c000c800 Uncommon trap: reason=range_check action=none pc=0x00007f51bbae7254 method=sun.reflect.generics.parser.SignatureParser.current()C @ 34
Event: 0,564 Thread 0x00007f51c000c800 Uncommon trap: reason=range_check action=none pc=0x00007f51bbae7254 method=sun.reflect.generics.parser.SignatureParser.current()C @ 34
Event: 0,564 Thread 0x00007f51c000c800 Uncommon trap: reason=range_check action=none pc=0x00007f51bbae7254 method=sun.reflect.generics.parser.SignatureParser.current()C @ 34
Event: 0,572 Thread 0x00007f51c000c800 Uncommon trap: reason=range_check action=none pc=0x00007f51bbae7254 method=sun.reflect.generics.parser.SignatureParser.current()C @ 34
Event: 0,576 Thread 0x00007f51c000c800 Uncommon trap: reason=range_check action=none pc=0x00007f51bbae7254 method=sun.reflect.generics.parser.SignatureParser.current()C @ 34
Event: 0,652 Thread 0x00007f51c000c800 Uncommon trap: reason=unreached action=reinterpret pc=0x00007f51bbaed6b0 method=java.net.URL.<init>(Ljava/net/URL;Ljava/lang/String;Ljava/net/URLStreamHandler;)V @ 228

Internal exceptions (10 events):
Event: 1,082 Thread 0x00007f51c000c800 Threw 0x00000000e2c1a300 at /build/buildd/openjdk-7-7u71-2.5.3/build/openjdk/hotspot/src/share/vm/prims/jvm.cpp:1284
Event: 1,083 Thread 0x00007f51c000c800 Threw 0x00000000e2c1fd88 at /build/buildd/openjdk-7-7u71-2.5.3/build/openjdk/hotspot/src/share/vm/prims/jvm.cpp:1284
Event: 1,084 Thread 0x00007f51c000c800 Threw 0x00000000e2c255b8 at /build/buildd/openjdk-7-7u71-2.5.3/build/openjdk/hotspot/src/share/vm/prims/jvm.cpp:1284
Event: 1,085 Thread 0x00007f51c000c800 Threw 0x00000000e2c2ac28 at /build/buildd/openjdk-7-7u71-2.5.3/build/openjdk/hotspot/src/share/vm/prims/jvm.cpp:1284
Event: 1,086 Thread 0x00007f51c000c800 Threw 0x00000000e2c300b0 at /build/buildd/openjdk-7-7u71-2.5.3/build/openjdk/hotspot/src/share/vm/prims/jvm.cpp:1284
Event: 1,088 Thread 0x00007f51c000c800 Threw 0x00000000e2c354c8 at /build/buildd/openjdk-7-7u71-2.5.3/build/openjdk/hotspot/src/share/vm/prims/jvm.cpp:1284
Event: 1,089 Thread 0x00007f51c000c800 Threw 0x00000000e2c41748 at /build/buildd/openjdk-7-7u71-2.5.3/build/openjdk/hotspot/src/share/vm/prims/jvm.cpp:1284
Event: 1,089 Thread 0x00007f51c000c800 Threw 0x00000000e2c46258 at /build/buildd/openjdk-7-7u71-2.5.3/build/openjdk/hotspot/src/share/vm/prims/jvm.cpp:1284
Event: 1,090 Thread 0x00007f51c000c800 Threw 0x00000000e2c4d338 at /build/buildd/openjdk-7-7u71-2.5.3/build/openjdk/hotspot/src/share/vm/prims/jvm.cpp:1284
Event: 1,093 Thread 0x00007f51c000c800 Threw 0x00000000e2c5e000 at /build/buildd/openjdk-7-7u71-2.5.3/build/openjdk/hotspot/src/share/vm/interpreter/linkResolver.cpp:895

Events (10 events):
Event: 46,856 Executing VM operation: RedefineClasses
Event: 46,856 Executing VM operation: RedefineClasses done
Event: 46,857 Executing VM operation: EnterInterpOnlyMode
Event: 46,857 Executing VM operation: EnterInterpOnlyMode done
Event: 46,857 Executing VM operation: GetCurrentLocation
Event: 46,857 Executing VM operation: GetCurrentLocation done
Event: 46,857 Executing VM operation: ChangeSingleStep
Event: 46,857 Executing VM operation: ChangeSingleStep done
Event: 46,859 Executing VM operation: ChangeSingleStep
Event: 46,859 Executing VM operation: ChangeSingleStep done


Dynamic libraries:
00400000-00401000 r-xp 00000000 08:02 22026453                           /usr/lib/jvm/java-7-openjdk-amd64/jre/bin/java
00600000-00601000 r--p 00000000 08:02 22026453                           /usr/lib/jvm/java-7-openjdk-amd64/jre/bin/java
00601000-00602000 rw-p 00001000 08:02 22026453                           /usr/lib/jvm/java-7-openjdk-amd64/jre/bin/java
017f7000-01818000 rw-p 00000000 00:00 0                                  [heap]
9a200000-9b700000 rw-p 00000000 00:00 0 
9b700000-a4800000 rw-p 00000000 00:00 0 
a4800000-a8500000 rw-p 00000000 00:00 0 
a8500000-e1800000 rw-p 00000000 00:00 0 
e1800000-e3680000 rw-p 00000000 00:00 0 
e3680000-100000000 rw-p 00000000 00:00 0 
7f5174000000-7f5174021000 rw-p 00000000 00:00 0 
7f5174021000-7f5178000000 ---p 00000000 00:00 0 
7f517b9b9000-7f517b9be000 r-xp 00000000 08:02 16385006                   /lib/x86_64-linux-gnu/libnss_dns-2.19.so
7f517b9be000-7f517bbbd000 ---p 00005000 08:02 16385006                   /lib/x86_64-linux-gnu/libnss_dns-2.19.so
7f517bbbd000-7f517bbbe000 r--p 00004000 08:02 16385006                   /lib/x86_64-linux-gnu/libnss_dns-2.19.so
7f517bbbe000-7f517bbbf000 rw-p 00005000 08:02 16385006                   /lib/x86_64-linux-gnu/libnss_dns-2.19.so
7f517bbbf000-7f517bbc1000 r-xp 00000000 08:02 16388055                   /lib/x86_64-linux-gnu/libnss_mdns4_minimal.so.2
7f517bbc1000-7f517bdc0000 ---p 00002000 08:02 16388055                   /lib/x86_64-linux-gnu/libnss_mdns4_minimal.so.2
7f517bdc0000-7f517bdc1000 r--p 00001000 08:02 16388055                   /lib/x86_64-linux-gnu/libnss_mdns4_minimal.so.2
7f517bdc1000-7f517bdc2000 rw-p 00002000 08:02 16388055                   /lib/x86_64-linux-gnu/libnss_mdns4_minimal.so.2
7f517bdc2000-7f517bdff000 r-xp 00000000 08:02 16388077                   /lib/x86_64-linux-gnu/libpcre.so.3.13.1
7f517bdff000-7f517bffe000 ---p 0003d000 08:02 16388077                   /lib/x86_64-linux-gnu/libpcre.so.3.13.1
7f517bffe000-7f517bfff000 r--p 0003c000 08:02 16388077                   /lib/x86_64-linux-gnu/libpcre.so.3.13.1
7f517bfff000-7f517c000000 rw-p 0003d000 08:02 16388077                   /lib/x86_64-linux-gnu/libpcre.so.3.13.1
7f517c000000-7f517c2f9000 rw-p 00000000 00:00 0 
7f517c2f9000-7f5180000000 ---p 00000000 00:00 0 
7f5180000000-7f5180021000 rw-p 00000000 00:00 0 
7f5180021000-7f5184000000 ---p 00000000 00:00 0 
7f5184000000-7f5184021000 rw-p 00000000 00:00 0 
7f5184021000-7f5188000000 ---p 00000000 00:00 0 
7f5188000000-7f518828a000 rw-p 00000000 00:00 0 
7f518828a000-7f518c000000 ---p 00000000 00:00 0 
7f518c000000-7f518c2a7000 rw-p 00000000 00:00 0 
7f518c2a7000-7f5190000000 ---p 00000000 00:00 0 
7f5190000000-7f5190021000 rw-p 00000000 00:00 0 
7f5190021000-7f5194000000 ---p 00000000 00:00 0 
7f5194000000-7f5194021000 rw-p 00000000 00:00 0 
7f5194021000-7f5198000000 ---p 00000000 00:00 0 
7f5198000000-7f5198021000 rw-p 00000000 00:00 0 
7f5198021000-7f519c000000 ---p 00000000 00:00 0 
7f519c000000-7f519c021000 rw-p 00000000 00:00 0 
7f519c021000-7f51a0000000 ---p 00000000 00:00 0 
7f51a0000000-7f51a0021000 rw-p 00000000 00:00 0 
7f51a0021000-7f51a4000000 ---p 00000000 00:00 0 
7f51a4000000-7f51a4021000 rw-p 00000000 00:00 0 
7f51a4021000-7f51a8000000 ---p 00000000 00:00 0 
7f51a8000000-7f51a8021000 rw-p 00000000 00:00 0 
7f51a8021000-7f51ac000000 ---p 00000000 00:00 0 
7f51ac000000-7f51ac021000 rw-p 00000000 00:00 0 
7f51ac021000-7f51b0000000 ---p 00000000 00:00 0 
7f51b005d000-7f51b01be000 rw-p 00000000 00:00 0 
7f51b01be000-7f51b01c5000 r-xp 00000000 08:02 22027973                   /usr/lib/x86_64-linux-gnu/libffi.so.6.0.1
7f51b01c5000-7f51b03c4000 ---p 00007000 08:02 22027973                   /usr/lib/x86_64-linux-gnu/libffi.so.6.0.1
7f51b03c4000-7f51b03c5000 r--p 00006000 08:02 22027973                   /usr/lib/x86_64-linux-gnu/libffi.so.6.0.1
7f51b03c5000-7f51b03c6000 rw-p 00007000 08:02 22027973                   /usr/lib/x86_64-linux-gnu/libffi.so.6.0.1
7f51b03c6000-7f51b03dd000 r-xp 00000000 08:02 16384104                   /lib/x86_64-linux-gnu/libresolv-2.19.so
7f51b03dd000-7f51b05dd000 ---p 00017000 08:02 16384104                   /lib/x86_64-linux-gnu/libresolv-2.19.so
7f51b05dd000-7f51b05de000 r--p 00017000 08:02 16384104                   /lib/x86_64-linux-gnu/libresolv-2.19.so
7f51b05de000-7f51b05df000 rw-p 00018000 08:02 16384104                   /lib/x86_64-linux-gnu/libresolv-2.19.so
7f51b05df000-7f51b05e1000 rw-p 00000000 00:00 0 
7f51b05e1000-7f51b0601000 r-xp 00000000 08:02 16388104                   /lib/x86_64-linux-gnu/libselinux.so.1
7f51b0601000-7f51b0800000 ---p 00020000 08:02 16388104                   /lib/x86_64-linux-gnu/libselinux.so.1
7f51b0800000-7f51b0801000 r--p 0001f000 08:02 16388104                   /lib/x86_64-linux-gnu/libselinux.so.1
7f51b0801000-7f51b0802000 rw-p 00020000 08:02 16388104                   /lib/x86_64-linux-gnu/libselinux.so.1
7f51b0802000-7f51b0804000 rw-p 00000000 00:00 0 
7f51b0804000-7f51b0807000 r-xp 00000000 08:02 22020460                   /usr/lib/x86_64-linux-gnu/libgmodule-2.0.so.0.4002.0
7f51b0807000-7f51b0a06000 ---p 00003000 08:02 22020460                   /usr/lib/x86_64-linux-gnu/libgmodule-2.0.so.0.4002.0
7f51b0a06000-7f51b0a07000 r--p 00002000 08:02 22020460                   /usr/lib/x86_64-linux-gnu/libgmodule-2.0.so.0.4002.0
7f51b0a07000-7f51b0a08000 rw-p 00003000 08:02 22020460                   /usr/lib/x86_64-linux-gnu/libgmodule-2.0.so.0.4002.0
7f51b0a08000-7f51b0b0e000 r-xp 00000000 08:02 16387938                   /lib/x86_64-linux-gnu/libglib-2.0.so.0.4002.0
7f51b0b0e000-7f51b0d0d000 ---p 00106000 08:02 16387938                   /lib/x86_64-linux-gnu/libglib-2.0.so.0.4002.0
7f51b0d0d000-7f51b0d0e000 r--p 00105000 08:02 16387938                   /lib/x86_64-linux-gnu/libglib-2.0.so.0.4002.0
7f51b0d0e000-7f51b0d0f000 rw-p 00106000 08:02 16387938                   /lib/x86_64-linux-gnu/libglib-2.0.so.0.4002.0
7f51b0d0f000-7f51b4000000 rw-p 00000000 00:00 0 
7f51b4000000-7f51b4021000 rw-p 00000000 00:00 0 
7f51b4021000-7f51b8000000 ---p 00000000 00:00 0 
7f51b8036000-7f51b81e1000 rw-p 00000000 00:00 0 
7f51b81e1000-7f51b8230000 r-xp 00000000 08:02 22020478                   /usr/lib/x86_64-linux-gnu/libgobject-2.0.so.0.4002.0
7f51b8230000-7f51b8430000 ---p 0004f000 08:02 22020478                   /usr/lib/x86_64-linux-gnu/libgobject-2.0.so.0.4002.0
7f51b8430000-7f51b8431000 r--p 0004f000 08:02 22020478                   /usr/lib/x86_64-linux-gnu/libgobject-2.0.so.0.4002.0
7f51b8431000-7f51b8432000 rw-p 00050000 08:02 22020478                   /usr/lib/x86_64-linux-gnu/libgobject-2.0.so.0.4002.0
7f51b8432000-7f51b859e000 r-xp 00000000 08:02 22020482                   /usr/lib/x86_64-linux-gnu/libgio-2.0.so.0.4002.0
7f51b859e000-7f51b879d000 ---p 0016c000 08:02 22020482                   /usr/lib/x86_64-linux-gnu/libgio-2.0.so.0.4002.0
7f51b879d000-7f51b87a1000 r--p 0016b000 08:02 22020482                   /usr/lib/x86_64-linux-gnu/libgio-2.0.so.0.4002.0
7f51b87a1000-7f51b87a3000 rw-p 0016f000 08:02 22020482                   /usr/lib/x86_64-linux-gnu/libgio-2.0.so.0.4002.0
7f51b87a3000-7f51b87a5000 rw-p 00000000 00:00 0 
7f51b87b7000-7f51b87c0000 r--s 000b9000 08:02 22026384                   /usr/lib/jvm/java-7-openjdk-amd64/jre/lib/resources.jar
7f51b87c0000-7f51b87d7000 r-xp 00000000 08:02 22026405                   /usr/lib/jvm/java-7-openjdk-amd64/jre/lib/amd64/libnet.so
7f51b87d7000-7f51b89d6000 ---p 00017000 08:02 22026405                   /usr/lib/jvm/java-7-openjdk-amd64/jre/lib/amd64/libnet.so
7f51b89d6000-7f51b89d7000 r--p 00016000 08:02 22026405                   /usr/lib/jvm/java-7-openjdk-amd64/jre/lib/amd64/libnet.so
7f51b89d7000-7f51b89d8000 rw-p 00017000 08:02 22026405                   /usr/lib/jvm/java-7-openjdk-amd64/jre/lib/amd64/libnet.so
7f51b89d8000-7f51b89e8000 r-xp 00000000 08:02 22026424                   /usr/lib/jvm/java-7-openjdk-amd64/jre/lib/amd64/libnio.so
7f51b89e8000-7f51b8be8000 ---p 00010000 08:02 22026424                   /usr/lib/jvm/java-7-openjdk-amd64/jre/lib/amd64/libnio.so
7f51b8be8000-7f51b8be9000 r--p 00010000 08:02 22026424                   /usr/lib/jvm/java-7-openjdk-amd64/jre/lib/amd64/libnio.so
7f51b8be9000-7f51b8bea000 rw-p 00011000 08:02 22026424                   /usr/lib/jvm/java-7-openjdk-amd64/jre/lib/amd64/libnio.so
7f51b8bea000-7f51b8bf2000 r-xp 00000000 08:02 22026425                   /usr/lib/jvm/java-7-openjdk-amd64/jre/lib/amd64/libmanagement.so
7f51b8bf2000-7f51b8df1000 ---p 00008000 08:02 22026425                   /usr/lib/jvm/java-7-openjdk-amd64/jre/lib/amd64/libmanagement.so
7f51b8df1000-7f51b8df2000 r--p 00007000 08:02 22026425                   /usr/lib/jvm/java-7-openjdk-amd64/jre/lib/amd64/libmanagement.so
7f51b8df2000-7f51b8df3000 rw-p 00008000 08:02 22026425                   /usr/lib/jvm/java-7-openjdk-amd64/jre/lib/amd64/libmanagement.so
7f51b8df3000-7f51b8e02000 r--s 00081000 08:02 32899090                   /home/mastinux/.m2/repository/joda-time/joda-time/2.5/joda-time-2.5.jar
7f51b8e02000-7f51b8e14000 r--s 000b8000 08:02 32768804                   /home/mastinux/.m2/repository/org/apache/logging/log4j/log4j-core/2.1/log4j-core-2.1.jar
7f51b8e14000-7f51b8e1a000 r--s 00033000 08:02 32507094                   /home/mastinux/.m2/repository/commons-codec/commons-codec/1.6/commons-codec-1.6.jar
7f51b8e1a000-7f51b8e1b000 ---p 00000000 00:00 0 
7f51b8e1b000-7f51b8f1b000 rw-p 00000000 00:00 0                          [stack:25362]
7f51b8f1b000-7f51b8f1e000 ---p 00000000 00:00 0 
7f51b8f1e000-7f51b901c000 rw-p 00000000 00:00 0                          [stack:25361]
7f51b901c000-7f51b901f000 ---p 00000000 00:00 0 
7f51b901f000-7f51b911d000 rw-p 00000000 00:00 0                          [stack:25360]
7f51b911d000-7f51b9120000 ---p 00000000 00:00 0 
7f51b9120000-7f51b921e000 rw-p 00000000 00:00 0                          [stack:25359]
7f51b921e000-7f51b9221000 ---p 00000000 00:00 0 
7f51b9221000-7f51b931f000 rw-p 00000000 00:00 0                          [stack:25356]
7f51b931f000-7f51b9322000 ---p 00000000 00:00 0 
7f51b9322000-7f51b9420000 rw-p 00000000 00:00 0                          [stack:25355]
7f51b9420000-7f51b9423000 ---p 00000000 00:00 0 
7f51b9423000-7f51b9521000 rw-p 00000000 00:00 0                          [stack:25352]
7f51b9521000-7f51b9525000 r-xp 00000000 08:02 22026411                   /usr/lib/jvm/java-7-openjdk-amd64/jre/lib/amd64/libdt_socket.so
7f51b9525000-7f51b9724000 ---p 00004000 08:02 22026411                   /usr/lib/jvm/java-7-openjdk-amd64/jre/lib/amd64/libdt_socket.so
7f51b9724000-7f51b9725000 r--p 00003000 08:02 22026411                   /usr/lib/jvm/java-7-openjdk-amd64/jre/lib/amd64/libdt_socket.so
7f51b9725000-7f51b9726000 rw-p 00004000 08:02 22026411                   /usr/lib/jvm/java-7-openjdk-amd64/jre/lib/amd64/libdt_socket.so
7f51b9726000-7f51b9729000 ---p 00000000 00:00 0 
7f51b9729000-7f51b9827000 rw-p 00000000 00:00 0                          [stack:25350]
7f51b9827000-7f51b982a000 ---p 00000000 00:00 0 
7f51b982a000-7f51b9928000 rw-p 00000000 00:00 0                          [stack:25349]
7f51b9928000-7f51b992b000 ---p 00000000 00:00 0 
7f51b992b000-7f51b9a29000 rw-p 00000000 00:00 0                          [stack:25348]
7f51b9a29000-7f51b9a2a000 ---p 00000000 00:00 0 
7f51b9a2a000-7f51bab27000 rw-p 00000000 00:00 0                          [stack:25346]
7f51bab27000-7f51bacd8000 r--s 01d25000 08:02 22026444                   /usr/lib/jvm/java-7-openjdk-amd64/jre/lib/rt.jar
7f51bacd8000-7f51bb100000 rw-p 00000000 00:00 0 
7f51bb100000-7f51bb101000 ---p 00000000 00:00 0 
7f51bb101000-7f51bb201000 rw-p 00000000 00:00 0                          [stack:25344]
7f51bb201000-7f51bb202000 ---p 00000000 00:00 0 
7f51bb202000-7f51bb302000 rw-p 00000000 00:00 0                          [stack:25343]
7f51bb302000-7f51bb303000 ---p 00000000 00:00 0 
7f51bb303000-7f51bb403000 rw-p 00000000 00:00 0                          [stack:25342]
7f51bb403000-7f51bb404000 ---p 00000000 00:00 0 
7f51bb404000-7f51bb50f000 rw-p 00000000 00:00 0                          [stack:25341]
7f51bb50f000-7f51bb557000 rw-p 00000000 00:00 0 
7f51bb557000-7f51bb576000 rw-p 00000000 00:00 0 
7f51bb576000-7f51bb73f000 rw-p 00000000 00:00 0 
7f51bb73f000-7f51bb74a000 rw-p 00000000 00:00 0 
7f51bb74a000-7f51bb792000 rw-p 00000000 00:00 0 
7f51bb792000-7f51bb7b1000 rw-p 00000000 00:00 0 
7f51bb7b1000-7f51bb97a000 rw-p 00000000 00:00 0 
7f51bb97a000-7f51bb98a000 rw-p 00000000 00:00 0 
7f51bb98a000-7f51bba6e000 rw-p 00000000 00:00 0 
7f51bba6e000-7f51bba6f000 rw-p 00000000 00:00 0 
7f51bba6f000-7f51bbcdf000 rwxp 00000000 00:00 0 
7f51bbcdf000-7f51bea6f000 rw-p 00000000 00:00 0 
7f51bea6f000-7f51bea77000 r-xp 00000000 08:02 22026393                   /usr/lib/jvm/java-7-openjdk-amd64/jre/lib/amd64/libzip.so
7f51bea77000-7f51bec76000 ---p 00008000 08:02 22026393                   /usr/lib/jvm/java-7-openjdk-amd64/jre/lib/amd64/libzip.so
7f51bec76000-7f51bec77000 r--p 00007000 08:02 22026393                   /usr/lib/jvm/java-7-openjdk-amd64/jre/lib/amd64/libzip.so
7f51bec77000-7f51bec78000 rw-p 00008000 08:02 22026393                   /usr/lib/jvm/java-7-openjdk-amd64/jre/lib/amd64/libzip.so
7f51bec78000-7f51bec83000 r-xp 00000000 08:02 16388248                   /lib/x86_64-linux-gnu/libnss_files-2.19.so
7f51bec83000-7f51bee82000 ---p 0000b000 08:02 16388248                   /lib/x86_64-linux-gnu/libnss_files-2.19.so
7f51bee82000-7f51bee83000 r--p 0000a000 08:02 16388248                   /lib/x86_64-linux-gnu/libnss_files-2.19.so
7f51bee83000-7f51bee84000 rw-p 0000b000 08:02 16388248                   /lib/x86_64-linux-gnu/libnss_files-2.19.so
7f51bee84000-7f51bee8f000 r-xp 00000000 08:02 16388249                   /lib/x86_64-linux-gnu/libnss_nis-2.19.so
7f51bee8f000-7f51bf08e000 ---p 0000b000 08:02 16388249                   /lib/x86_64-linux-gnu/libnss_nis-2.19.so
7f51bf08e000-7f51bf08f000 r--p 0000a000 08:02 16388249                   /lib/x86_64-linux-gnu/libnss_nis-2.19.so
7f51bf08f000-7f51bf090000 rw-p 0000b000 08:02 16388249                   /lib/x86_64-linux-gnu/libnss_nis-2.19.so
7f51bf090000-7f51bf0a7000 r-xp 00000000 08:02 16385001                   /lib/x86_64-linux-gnu/libnsl-2.19.so
7f51bf0a7000-7f51bf2a6000 ---p 00017000 08:02 16385001                   /lib/x86_64-linux-gnu/libnsl-2.19.so
7f51bf2a6000-7f51bf2a7000 r--p 00016000 08:02 16385001                   /lib/x86_64-linux-gnu/libnsl-2.19.so
7f51bf2a7000-7f51bf2a8000 rw-p 00017000 08:02 16385001                   /lib/x86_64-linux-gnu/libnsl-2.19.so
7f51bf2a8000-7f51bf2aa000 rw-p 00000000 00:00 0 
7f51bf2aa000-7f51bf2b3000 r-xp 00000000 08:02 16384102                   /lib/x86_64-linux-gnu/libnss_compat-2.19.so
7f51bf2b3000-7f51bf4b2000 ---p 00009000 08:02 16384102                   /lib/x86_64-linux-gnu/libnss_compat-2.19.so
7f51bf4b2000-7f51bf4b3000 r--p 00008000 08:02 16384102                   /lib/x86_64-linux-gnu/libnss_compat-2.19.so
7f51bf4b3000-7f51bf4b4000 rw-p 00009000 08:02 16384102                   /lib/x86_64-linux-gnu/libnss_compat-2.19.so
7f51bf4b4000-7f51bfb98000 r--p 00000000 08:02 22026793                   /usr/lib/locale/locale-archive
7f51bfb98000-7f51bfbd2000 r-xp 00000000 08:02 22026417                   /usr/lib/jvm/java-7-openjdk-amd64/jre/lib/amd64/libjdwp.so
7f51bfbd2000-7f51bfdd1000 ---p 0003a000 08:02 22026417                   /usr/lib/jvm/java-7-openjdk-amd64/jre/lib/amd64/libjdwp.so
7f51bfdd1000-7f51bfdd2000 r--p 00039000 08:02 22026417                   /usr/lib/jvm/java-7-openjdk-amd64/jre/lib/amd64/libjdwp.so
7f51bfdd2000-7f51bfdd3000 rw-p 0003a000 08:02 22026417                   /usr/lib/jvm/java-7-openjdk-amd64/jre/lib/amd64/libjdwp.so
7f51bfdd3000-7f51bfdfe000 r-xp 00000000 08:02 22026404                   /usr/lib/jvm/java-7-openjdk-amd64/jre/lib/amd64/libjava.so
7f51bfdfe000-7f51bfffd000 ---p 0002b000 08:02 22026404                   /usr/lib/jvm/java-7-openjdk-amd64/jre/lib/amd64/libjava.so
7f51bfffd000-7f51bfffe000 r--p 0002a000 08:02 22026404                   /usr/lib/jvm/java-7-openjdk-amd64/jre/lib/amd64/libjava.so
7f51bfffe000-7f51c0000000 rw-p 0002b000 08:02 22026404                   /usr/lib/jvm/java-7-openjdk-amd64/jre/lib/amd64/libjava.so
7f51c0000000-7f51c0425000 rw-p 00000000 00:00 0 
7f51c0425000-7f51c4000000 ---p 00000000 00:00 0 
7f51c4000000-7f51c4005000 r--s 0002e000 08:02 32899089                   /home/mastinux/.m2/repository/com/google/code/gson/gson/2.3/gson-2.3.jar
7f51c4005000-7f51c4025000 rw-p 00000000 00:00 0 
7f51c4025000-7f51c4028000 r-xp 00000000 08:02 22026426                   /usr/lib/jvm/java-7-openjdk-amd64/jre/lib/amd64/libnpt.so
7f51c4028000-7f51c4227000 ---p 00003000 08:02 22026426                   /usr/lib/jvm/java-7-openjdk-amd64/jre/lib/amd64/libnpt.so
7f51c4227000-7f51c4228000 r--p 00002000 08:02 22026426                   /usr/lib/jvm/java-7-openjdk-amd64/jre/lib/amd64/libnpt.so
7f51c4228000-7f51c4229000 rw-p 00003000 08:02 22026426                   /usr/lib/jvm/java-7-openjdk-amd64/jre/lib/amd64/libnpt.so
7f51c4229000-7f51c4239000 r-xp 00000000 08:02 22026423                   /usr/lib/jvm/java-7-openjdk-amd64/jre/lib/amd64/libverify.so
7f51c4239000-7f51c4438000 ---p 00010000 08:02 22026423                   /usr/lib/jvm/java-7-openjdk-amd64/jre/lib/amd64/libverify.so
7f51c4438000-7f51c443a000 r--p 0000f000 08:02 22026423                   /usr/lib/jvm/java-7-openjdk-amd64/jre/lib/amd64/libverify.so
7f51c443a000-7f51c443b000 rw-p 00011000 08:02 22026423                   /usr/lib/jvm/java-7-openjdk-amd64/jre/lib/amd64/libverify.so
7f51c443b000-7f51c4442000 r-xp 00000000 08:02 16385004                   /lib/x86_64-linux-gnu/librt-2.19.so
7f51c4442000-7f51c4641000 ---p 00007000 08:02 16385004                   /lib/x86_64-linux-gnu/librt-2.19.so
7f51c4641000-7f51c4642000 r--p 00006000 08:02 16385004                   /lib/x86_64-linux-gnu/librt-2.19.so
7f51c4642000-7f51c4643000 rw-p 00007000 08:02 16385004                   /lib/x86_64-linux-gnu/librt-2.19.so
7f51c4643000-7f51c4659000 r-xp 00000000 08:02 16384099                   /lib/x86_64-linux-gnu/libgcc_s.so.1
7f51c4659000-7f51c4858000 ---p 00016000 08:02 16384099                   /lib/x86_64-linux-gnu/libgcc_s.so.1
7f51c4858000-7f51c4859000 rw-p 00015000 08:02 16384099                   /lib/x86_64-linux-gnu/libgcc_s.so.1
7f51c4859000-7f51c495e000 r-xp 00000000 08:02 16387904                   /lib/x86_64-linux-gnu/libm-2.19.so
7f51c495e000-7f51c4b5d000 ---p 00105000 08:02 16387904                   /lib/x86_64-linux-gnu/libm-2.19.so
7f51c4b5d000-7f51c4b5e000 r--p 00104000 08:02 16387904                   /lib/x86_64-linux-gnu/libm-2.19.so
7f51c4b5e000-7f51c4b5f000 rw-p 00105000 08:02 16387904                   /lib/x86_64-linux-gnu/libm-2.19.so
7f51c4b5f000-7f51c4c45000 r-xp 00000000 08:02 22028601                   /usr/lib/x86_64-linux-gnu/libstdc++.so.6.0.19
7f51c4c45000-7f51c4e44000 ---p 000e6000 08:02 22028601                   /usr/lib/x86_64-linux-gnu/libstdc++.so.6.0.19
7f51c4e44000-7f51c4e4c000 r--p 000e5000 08:02 22028601                   /usr/lib/x86_64-linux-gnu/libstdc++.so.6.0.19
7f51c4e4c000-7f51c4e4e000 rw-p 000ed000 08:02 22028601                   /usr/lib/x86_64-linux-gnu/libstdc++.so.6.0.19
7f51c4e4e000-7f51c4e63000 rw-p 00000000 00:00 0 
7f51c4e63000-7f51c5979000 r-xp 00000000 08:02 22151185                   /usr/lib/jvm/java-7-openjdk-amd64/jre/lib/amd64/server/libjvm.so
7f51c5979000-7f51c5b78000 ---p 00b16000 08:02 22151185                   /usr/lib/jvm/java-7-openjdk-amd64/jre/lib/amd64/server/libjvm.so
7f51c5b78000-7f51c5c12000 r--p 00b15000 08:02 22151185                   /usr/lib/jvm/java-7-openjdk-amd64/jre/lib/amd64/server/libjvm.so
7f51c5c12000-7f51c5c35000 rw-p 00baf000 08:02 22151185                   /usr/lib/jvm/java-7-openjdk-amd64/jre/lib/amd64/server/libjvm.so
7f51c5c35000-7f51c5c63000 rw-p 00000000 00:00 0 
7f51c5c63000-7f51c5c7b000 r-xp 00000000 08:02 16388137                   /lib/x86_64-linux-gnu/libz.so.1.2.8
7f51c5c7b000-7f51c5e7a000 ---p 00018000 08:02 16388137                   /lib/x86_64-linux-gnu/libz.so.1.2.8
7f51c5e7a000-7f51c5e7b000 r--p 00017000 08:02 16388137                   /lib/x86_64-linux-gnu/libz.so.1.2.8
7f51c5e7b000-7f51c5e7c000 rw-p 00018000 08:02 16388137                   /lib/x86_64-linux-gnu/libz.so.1.2.8
7f51c5e7c000-7f51c5e95000 r-xp 00000000 08:02 16388254                   /lib/x86_64-linux-gnu/libpthread-2.19.so
7f51c5e95000-7f51c6094000 ---p 00019000 08:02 16388254                   /lib/x86_64-linux-gnu/libpthread-2.19.so
7f51c6094000-7f51c6095000 r--p 00018000 08:02 16388254                   /lib/x86_64-linux-gnu/libpthread-2.19.so
7f51c6095000-7f51c6096000 rw-p 00019000 08:02 16388254                   /lib/x86_64-linux-gnu/libpthread-2.19.so
7f51c6096000-7f51c609a000 rw-p 00000000 00:00 0 
7f51c609a000-7f51c609d000 r-xp 00000000 08:02 16388253                   /lib/x86_64-linux-gnu/libdl-2.19.so
7f51c609d000-7f51c629c000 ---p 00003000 08:02 16388253                   /lib/x86_64-linux-gnu/libdl-2.19.so
7f51c629c000-7f51c629d000 r--p 00002000 08:02 16388253                   /lib/x86_64-linux-gnu/libdl-2.19.so
7f51c629d000-7f51c629e000 rw-p 00003000 08:02 16388253                   /lib/x86_64-linux-gnu/libdl-2.19.so
7f51c629e000-7f51c6459000 r-xp 00000000 08:02 16385009                   /lib/x86_64-linux-gnu/libc-2.19.so
7f51c6459000-7f51c6659000 ---p 001bb000 08:02 16385009                   /lib/x86_64-linux-gnu/libc-2.19.so
7f51c6659000-7f51c665d000 r--p 001bb000 08:02 16385009                   /lib/x86_64-linux-gnu/libc-2.19.so
7f51c665d000-7f51c665f000 rw-p 001bf000 08:02 16385009                   /lib/x86_64-linux-gnu/libc-2.19.so
7f51c665f000-7f51c6664000 rw-p 00000000 00:00 0 
7f51c6664000-7f51c6671000 r-xp 00000000 08:02 22026402                   /usr/lib/jvm/java-7-openjdk-amd64/jre/lib/amd64/jli/libjli.so
7f51c6671000-7f51c6870000 ---p 0000d000 08:02 22026402                   /usr/lib/jvm/java-7-openjdk-amd64/jre/lib/amd64/jli/libjli.so
7f51c6870000-7f51c6871000 r--p 0000c000 08:02 22026402                   /usr/lib/jvm/java-7-openjdk-amd64/jre/lib/amd64/jli/libjli.so
7f51c6871000-7f51c6872000 rw-p 0000d000 08:02 22026402                   /usr/lib/jvm/java-7-openjdk-amd64/jre/lib/amd64/jli/libjli.so
7f51c6872000-7f51c6895000 r-xp 00000000 08:02 16385010                   /lib/x86_64-linux-gnu/ld-2.19.so
7f51c6895000-7f51c6896000 rw-p 00000000 00:00 0 
7f51c6896000-7f51c6899000 r--s 0001e000 08:02 32768803                   /home/mastinux/.m2/repository/org/apache/logging/log4j/log4j-api/2.1/log4j-api-2.1.jar
7f51c6899000-7f51c689b000 r--s 0000e000 08:02 32768802                   /home/mastinux/.m2/repository/commons-logging/commons-logging/1.1.3/commons-logging-1.1.3.jar
7f51c689b000-7f51c68a1000 r--s 0003f000 08:02 32637012                   /home/mastinux/.m2/repository/org/apache/httpcomponents/httpcore/4.3.2/httpcore-4.3.2.jar
7f51c68a1000-7f51c68ad000 r--s 00085000 08:02 32637008                   /home/mastinux/.m2/repository/org/apache/httpcomponents/httpclient/4.3.5/httpclient-4.3.5.jar
7f51c68ad000-7f51c68b1000 r--s 00085000 08:02 22678208                   /usr/lib/jvm/java-7-openjdk-amd64/jre/lib/ext/localedata.jar
7f51c68b1000-7f51c68bb000 rw-p 00000000 00:00 0 
7f51c68bb000-7f51c6971000 rw-p 00000000 00:00 0 
7f51c6971000-7f51c6974000 ---p 00000000 00:00 0 
7f51c6974000-7f51c6a78000 rw-p 00000000 00:00 0                          [stack:25340]
7f51c6a78000-7f51c6a7a000 r--s 00006000 08:02 22419309                   /usr/share/java/java-atk-wrapper.jar
7f51c6a7a000-7f51c6a7b000 r--s 00002000 08:02 22678210                   /usr/lib/jvm/java-7-openjdk-amd64/jre/lib/ext/dnsns.jar
7f51c6a7b000-7f51c6a7d000 r--s 00012000 08:02 22678206                   /usr/lib/jvm/java-7-openjdk-amd64/jre/lib/ext/zipfs.jar
7f51c6a7d000-7f51c6a81000 r--s 00034000 08:02 22678209                   /usr/lib/jvm/java-7-openjdk-amd64/jre/lib/ext/sunjce_provider.jar
7f51c6a81000-7f51c6a85000 r--s 0003c000 08:02 22678207                   /usr/lib/jvm/java-7-openjdk-amd64/jre/lib/ext/sunpkcs11.jar
7f51c6a85000-7f51c6a88000 r--s 0000f000 08:02 22678205                   /usr/lib/jvm/java-7-openjdk-amd64/jre/lib/ext/icedtea-sound.jar
7f51c6a88000-7f51c6a90000 rw-s 00000000 08:02 2228451                    /tmp/hsperfdata_mastinux/25334
7f51c6a90000-7f51c6a91000 rw-p 00000000 00:00 0 
7f51c6a91000-7f51c6a92000 r--p 00000000 00:00 0 
7f51c6a92000-7f51c6a94000 rw-p 00000000 00:00 0 
7f51c6a94000-7f51c6a95000 r--p 00022000 08:02 16385010                   /lib/x86_64-linux-gnu/ld-2.19.so
7f51c6a95000-7f51c6a96000 rw-p 00023000 08:02 16385010                   /lib/x86_64-linux-gnu/ld-2.19.so
7f51c6a96000-7f51c6a97000 rw-p 00000000 00:00 0 
7fff00bb6000-7fff00bd7000 rw-p 00000000 00:00 0                          [stack]
7fff00bfe000-7fff00c00000 r-xp 00000000 00:00 0                          [vdso]
ffffffffff600000-ffffffffff601000 r-xp 00000000 00:00 0                  [vsyscall]

VM Arguments:
jvm_args: -agentlib:jdwp=transport=dt_socket,suspend=y,address=localhost:48789 -Dfile.encoding=UTF-8 
java_command: jsongkick.App
Launcher Type: SUN_STANDARD

Environment Variables:
PATH=/usr/local/sbin:/usr/local/bin:/usr/sbin:/usr/bin:/sbin:/bin:/usr/games:/usr/local/games
SHELL=/bin/bash
DISPLAY=:0

Signal Handlers:
SIGSEGV: [libjvm.so+0x9495e0], sa_mask[0]=0x7ffbfeff, sa_flags=0x10000004
SIGBUS: [libjvm.so+0x9495e0], sa_mask[0]=0x7ffbfeff, sa_flags=0x10000004
SIGFPE: [libjvm.so+0x7c3410], sa_mask[0]=0x7ffbfeff, sa_flags=0x10000004
SIGPIPE: [libjvm.so+0x7c3410], sa_mask[0]=0x7ffbfeff, sa_flags=0x10000004
SIGXFSZ: [libjvm.so+0x7c3410], sa_mask[0]=0x7ffbfeff, sa_flags=0x10000004
SIGILL: [libjvm.so+0x7c3410], sa_mask[0]=0x7ffbfeff, sa_flags=0x10000004
SIGUSR1: SIG_DFL, sa_mask[0]=0x00000000, sa_flags=0x00000000
SIGUSR2: [libjvm.so+0x7c32b0], sa_mask[0]=0x00000004, sa_flags=0x10000004
SIGHUP: [libjvm.so+0x7c3490], sa_mask[0]=0x7ffbfeff, sa_flags=0x10000004
SIGINT: [libjvm.so+0x7c3490], sa_mask[0]=0x7ffbfeff, sa_flags=0x10000004
SIGTERM: [libjvm.so+0x7c3490], sa_mask[0]=0x7ffbfeff, sa_flags=0x10000004
SIGQUIT: [libjvm.so+0x7c3490], sa_mask[0]=0x7ffbfeff, sa_flags=0x10000004
SIGTRAP: SIG_DFL, sa_mask[0]=0x00000000, sa_flags=0x00000000


---------------  S Y S T E M  ---------------

OS:Ubuntu 14.04 (trusty)
uname:Linux 3.13.0-40-generic #69-Ubuntu SMP Thu Nov 13 17:53:56 UTC 2014 x86_64
libc:glibc 2.19 NPTL 2.19 
rlimit: STACK 8192k, CORE 0k, NPROC 45270, NOFILE 4096, AS infinity
load average:1,50 0,62 0,47

/proc/meminfo:
MemTotal:        5995868 kB
MemFree:          418008 kB
Buffers:          143628 kB
Cached:          3417240 kB
SwapCached:            4 kB
Active:          3140012 kB
Inactive:        2106848 kB
Active(anon):    1689464 kB
Inactive(anon):   361096 kB
Active(file):    1450548 kB
Inactive(file):  1745752 kB
Unevictable:          32 kB
Mlocked:              32 kB
SwapTotal:       6173692 kB
SwapFree:        6173688 kB
Dirty:              8116 kB
Writeback:             0 kB
AnonPages:       1686224 kB
Mapped:           351948 kB
Shmem:            364404 kB
Slab:             189356 kB
SReclaimable:     153116 kB
SUnreclaim:        36240 kB
KernelStack:        5120 kB
PageTables:        42704 kB
NFS_Unstable:          0 kB
Bounce:                0 kB
WritebackTmp:          0 kB
CommitLimit:     9171624 kB
Committed_AS:    6158632 kB
VmallocTotal:   34359738367 kB
VmallocUsed:      409020 kB
VmallocChunk:   34359321084 kB
HardwareCorrupted:     0 kB
AnonHugePages:    796672 kB
HugePages_Total:       0
HugePages_Free:        0
HugePages_Rsvd:        0
HugePages_Surp:        0
Hugepagesize:       2048 kB
DirectMap4k:       84172 kB
DirectMap2M:     6090752 kB


CPU:total 4 (2 cores per cpu, 2 threads per core) family 6 model 58 stepping 9, cmov, cx8, fxsr, mmx, sse, sse2, sse3, ssse3, sse4.1, sse4.2, popcnt, avx, aes, erms, ht, tsc, tscinvbit, tscinv

/proc/cpuinfo:
processor	: 0
vendor_id	: GenuineIntel
cpu family	: 6
model		: 58
model name	: Intel(R) Core(TM) i5-3210M CPU @ 2.50GHz
stepping	: 9
microcode	: 0x12
cpu MHz		: 1200.000
cache size	: 3072 KB
physical id	: 0
siblings	: 4
core id		: 0
cpu cores	: 2
apicid		: 0
initial apicid	: 0
fpu		: yes
fpu_exception	: yes
cpuid level	: 13
wp		: yes
flags		: fpu vme de pse tsc msr pae mce cx8 apic sep mtrr pge mca cmov pat pse36 clflush dts acpi mmx fxsr sse sse2 ss ht tm pbe syscall nx rdtscp lm constant_tsc arch_perfmon pebs bts rep_good nopl xtopology nonstop_tsc aperfmperf eagerfpu pni pclmulqdq dtes64 monitor ds_cpl vmx est tm2 ssse3 cx16 xtpr pdcm pcid sse4_1 sse4_2 x2apic popcnt tsc_deadline_timer aes xsave avx f16c rdrand lahf_lm ida arat epb xsaveopt pln pts dtherm tpr_shadow vnmi flexpriority ept vpid fsgsbase smep erms
bogomips	: 4988.46
clflush size	: 64
cache_alignment	: 64
address sizes	: 36 bits physical, 48 bits virtual
power management:

processor	: 1
vendor_id	: GenuineIntel
cpu family	: 6
model		: 58
model name	: Intel(R) Core(TM) i5-3210M CPU @ 2.50GHz
stepping	: 9
microcode	: 0x12
cpu MHz		: 2501.000
cache size	: 3072 KB
physical id	: 0
siblings	: 4
core id		: 1
cpu cores	: 2
apicid		: 2
initial apicid	: 2
fpu		: yes
fpu_exception	: yes
cpuid level	: 13
wp		: yes
flags		: fpu vme de pse tsc msr pae mce cx8 apic sep mtrr pge mca cmov pat pse36 clflush dts acpi mmx fxsr sse sse2 ss ht tm pbe syscall nx rdtscp lm constant_tsc arch_perfmon pebs bts rep_good nopl xtopology nonstop_tsc aperfmperf eagerfpu pni pclmulqdq dtes64 monitor ds_cpl vmx est tm2 ssse3 cx16 xtpr pdcm pcid sse4_1 sse4_2 x2apic popcnt tsc_deadline_timer aes xsave avx f16c rdrand lahf_lm ida arat epb xsaveopt pln pts dtherm tpr_shadow vnmi flexpriority ept vpid fsgsbase smep erms
bogomips	: 4988.46
clflush size	: 64
cache_alignment	: 64
address sizes	: 36 bits physical, 48 bits virtual
power management:

processor	: 2
vendor_id	: GenuineIntel
cpu family	: 6
model		: 58
model name	: Intel(R) Core(TM) i5-3210M CPU @ 2.50GHz
stepping	: 9
microcode	: 0x12
cpu MHz		: 1200.000
cache size	: 3072 KB
physical id	: 0
siblings	: 4
core id		: 0
cpu cores	: 2
apicid		: 1
initial apicid	: 1
fpu		: yes
fpu_exception	: yes
cpuid level	: 13
wp		: yes
flags		: fpu vme de pse tsc msr pae mce cx8 apic sep mtrr pge mca cmov pat pse36 clflush dts acpi mmx fxsr sse sse2 ss ht tm pbe syscall nx rdtscp lm constant_tsc arch_perfmon pebs bts rep_good nopl xtopology nonstop_tsc aperfmperf eagerfpu pni pclmulqdq dtes64 monitor ds_cpl vmx est tm2 ssse3 cx16 xtpr pdcm pcid sse4_1 sse4_2 x2apic popcnt tsc_deadline_timer aes xsave avx f16c rdrand lahf_lm ida arat epb xsaveopt pln pts dtherm tpr_shadow vnmi flexpriority ept vpid fsgsbase smep erms
bogomips	: 4988.46
clflush size	: 64
cache_alignment	: 64
address sizes	: 36 bits physical, 48 bits virtual
power management:

processor	: 3
vendor_id	: GenuineIntel
cpu family	: 6
model		: 58
model name	: Intel(R) Core(TM) i5-3210M CPU @ 2.50GHz
stepping	: 9
microcode	: 0x12
cpu MHz		: 1200.000
cache size	: 3072 KB
physical id	: 0
siblings	: 4
core id		: 1
cpu cores	: 2
apicid		: 3
initial apicid	: 3
fpu		: yes
fpu_exception	: yes
cpuid level	: 13
wp		: yes
flags		: fpu vme de pse tsc msr pae mce cx8 apic sep mtrr pge mca cmov pat pse36 clflush dts acpi mmx fxsr sse sse2 ss ht tm pbe syscall nx rdtscp lm constant_tsc arch_perfmon pebs bts rep_good nopl xtopology nonstop_tsc aperfmperf eagerfpu pni pclmulqdq dtes64 monitor ds_cpl vmx est tm2 ssse3 cx16 xtpr pdcm pcid sse4_1 sse4_2 x2apic popcnt tsc_deadline_timer aes xsave avx f16c rdrand lahf_lm ida arat epb xsaveopt pln pts dtherm tpr_shadow vnmi flexpriority ept vpid fsgsbase smep erms
bogomips	: 4988.46
clflush size	: 64
cache_alignment	: 64
address sizes	: 36 bits physical, 48 bits virtual
power management:



Memory: 4k page, physical 5995868k(418008k free), swap 6173692k(6173688k free)

vm_info: OpenJDK 64-Bit Server VM (24.65-b04) for linux-amd64 JRE (1.7.0_65-b32), built on Oct 22 2014 04:37:44 by "buildd" with gcc 4.8.2

time: Tue Dec  2 12:03:30 2014
elapsed time: 52 seconds

