#
# A fatal error has been detected by the Java Runtime Environment:
#
#  SIGSEGV (0xb) at pc=0x00007ff2b4707b56, pid=25168, tid=140680181516032
#
# JRE version: OpenJDK Runtime Environment (7.0_65-b32) (build 1.7.0_65-b32)
# Java VM: OpenJDK 64-Bit Server VM (24.65-b04 mixed mode linux-amd64 compressed oops)
# Derivative: IcedTea 2.5.3
# Distribution: Ubuntu 14.04 LTS, package 7u71-2.5.3-0ubuntu0.14.04.1
# Problematic frame:
# V  [libjvm.so+0x93cb56]  interpretedVFrame::monitors() const+0x1b6
#
# Failed to write core dump. Core dumps have been disabled. To enable core dumping, try "ulimit -c unlimited" before starting Java again
#
# If you would like to submit a bug report, please include
# instructions on how to reproduce the bug and visit:
#   http://icedtea.classpath.org/bugzilla
#

---------------  T H R E A D  ---------------

Current thread (0x00007ff2ac0b7800):  JavaThread "JDWP Transport Listener: dt_socket" daemon [_thread_in_vm, id=25185, stack(0x00007ff2a82f0000,0x00007ff2a83f1000)]

siginfo:si_signo=SIGSEGV: si_errno=0, si_code=2 (SEGV_ACCERR), si_addr=0x00007ff2b58dbff8

Registers:
RAX=0x00000000e2c5e6a0, RBX=0x00007ff26c2947d0, RCX=0x000000000000fc9b, RDX=0x000000000000fc9a
RSP=0x00007ff2a83ef170, RBP=0x00007ff2a83ef210, RSI=0x0000000000000000, RDI=0x0000000000000020
R8 =0x00007ff27c29fd10, R9 =0x000000000029f000, R10=0x0000000000000022, R11=0x000000007c000001
R12=0x00007ff26c294dd0, R13=0x00007ff2b58dbff0, R14=0x00007ff2a83ef1b0, R15=0x0000000000000000
RIP=0x00007ff2b4707b56, EFLAGS=0x0000000000010246, CSGSFS=0x7465000000000033, ERR=0x0000000000000004
  TRAPNO=0x000000000000000e

Top of Stack: (sp=0x00007ff2a83ef170)
0x00007ff2a83ef170:   00007ff2ac0af9d0 00007ff27c1dea90
0x00007ff2a83ef180:   00007ff2b59d89b0 00007ff2a90060d8
0x00007ff2a83ef190:   00007ff2a9005310 0000000000000000
0x00007ff2a83ef1a0:   00007ff2b59d89f0 00007ff2b59d89b0
0x00007ff2a83ef1b0:   00007ff2b59d89b0 00007ff2a90060d8
0x00007ff2a83ef1c0:   00007ff2a9005310 0000000000000000
0x00007ff2a83ef1d0:   00007ff2b59d89f0 00007ff2b59d89b0
0x00007ff2a83ef1e0:   00007ff2a83ef270 00007ff2ac0af9d0
0x00007ff2a83ef1f0:   00007ff2b4b7de18 0000000000000000
0x00007ff2a83ef200:   00007ff27c009cb0 00007ff2ac00c800
0x00007ff2a83ef210:   00007ff2a83ef2f0 00007ff2b4462b16
0x00007ff2a83ef220:   00007ff2a83ef250 00007ff2a83ef2b0
0x00007ff2a83ef230:   00007ff2ac0b81a0 000000000000001f
0x00007ff2a83ef240:   00000000000083b0 00000001b46c6e39
0x00007ff2a83ef250:   00007ff2ac0b7800 00007ff26c29c1a8
0x00007ff2a83ef260:   00007ff26c294dd0 00007ff2ac00c800
0x00007ff2a83ef270:   00007ff26c2941c0 00007ff2a83ef390
0x00007ff2a83ef280:   00007ff2ac003f40 00007ff2ac0af9d0
0x00007ff2a83ef290:   00007ff2a83ef2f0 00007ff2b46c6e39
0x00007ff2a83ef2a0:   00007ff2b59d8960 0000000000000001
0x00007ff2a83ef2b0:   00007ff2b4b7de18 00007ff2ac00c800
0x00007ff2a83ef2c0:   00007ff27c009cb0 0000000000000001
0x00007ff2a83ef2d0:   00007ff2b4b7de18 00007ff2ac00c800
0x00007ff2a83ef2e0:   00007ff27c009cb0 00007ff26c2947d0
0x00007ff2a83ef2f0:   00007ff2a83ef980 00007ff2b4462f65
0x00007ff2a83ef300:   00000000000003d8 00007ff2ac0af9d0
0x00007ff2a83ef310:   00007ff2a83ef350 00007ff2ac0b8578
0x00007ff2a83ef320:   00007ff2ac0b81a0 00007ff2a83ef390
0x00007ff2a83ef330:   00007ff27c009cb0 00007ff2ac0b8190
0x00007ff2a83ef340:   00007ff2ac0b7800 00007ff2ac003f40
0x00007ff2a83ef350:   00007ff2ac0b7800 00007ff2ac0b8580
0x00007ff2a83ef360:   00007ff2ac0b85c0 00007ff2ac0b85d0 

Instructions: (pc=0x00007ff2b4707b56)
0x00007ff2b4707b36:   89 45 c0 48 8b 43 30 48 89 45 c8 e8 da 68 bd ff
0x00007ff2b4707b46:   49 39 c5 0f 82 f9 00 00 00 31 f6 bf 20 00 00 00
0x00007ff2b4707b56:   4d 8b 7d 08 e8 a1 31 f1 ff 48 85 c0 49 89 c0 74
0x00007ff2b4707b66:   17 4c 89 38 48 c7 40 10 00 00 00 00 4c 89 68 08 

Register to memory mapping:

RAX=0x00000000e2c5e6a0 is an oop
java.lang.NullPointerException 
 - klass: 'java/lang/NullPointerException'
RBX=0x00007ff26c2947d0 is an unknown value
RCX=0x000000000000fc9b is an unknown value
RDX=0x000000000000fc9a is an unknown value
RSP=0x00007ff2a83ef170 is pointing into the stack for thread: 0x00007ff2ac0b7800
RBP=0x00007ff2a83ef210 is pointing into the stack for thread: 0x00007ff2ac0b7800
RSI=0x0000000000000000 is an unknown value
RDI=0x0000000000000020 is an unknown value
R8 =0x00007ff27c29fd10 is an unknown value
R9 =0x000000000029f000 is an unknown value
R10=0x0000000000000022 is an unknown value
R11=0x000000007c000001 is an unknown value
R12=0x00007ff26c294dd0 is an unknown value
R13=0x00007ff2b58dbff0 is pointing into the stack for thread: 0x00007ff2ac00c800
R14=0x00007ff2a83ef1b0 is pointing into the stack for thread: 0x00007ff2ac0b7800
R15=0x0000000000000000 is an unknown value


Stack: [0x00007ff2a82f0000,0x00007ff2a83f1000],  sp=0x00007ff2a83ef170,  free space=1020k
Native frames: (J=compiled Java code, j=interpreted, Vv=VM code, C=native code)
V  [libjvm.so+0x93cb56]  interpretedVFrame::monitors() const+0x1b6
V  [libjvm.so+0x697b16]  JvmtiEnvBase::get_locked_objects_in_frame(JavaThread*, JavaThread*, javaVFrame*, GrowableArray<_jvmtiMonitorStackDepthInfo*>*, int)+0x76
V  [libjvm.so+0x697f65]  JvmtiEnvBase::get_owned_monitors(JavaThread*, JavaThread*, GrowableArray<_jvmtiMonitorStackDepthInfo*>*)+0x115
V  [libjvm.so+0x68d976]  JvmtiEnv::GetOwnedMonitorInfo(JavaThread*, int*, _jobject***)+0xe6
V  [libjvm.so+0x64403f]  jvmti_GetOwnedMonitorInfo+0x21f
C  [libjdwp.so+0x9f26]
C  [libjdwp.so+0x11688]
C  [libjdwp.so+0x23795]
V  [libjvm.so+0x6aa58b]  JvmtiAgentThread::start_function_wrapper(JavaThread*, Thread*)+0x9b
V  [libjvm.so+0x8ffba0]  JavaThread::thread_main_inner()+0xf0
V  [libjvm.so+0x8ffe11]  JavaThread::run()+0x221
V  [libjvm.so+0x7c4ac2]  java_start(Thread*)+0xf2


---------------  P R O C E S S  ---------------

Java Threads: ( => current thread )
  0x00007ff2ac0c3000 JavaThread "Service Thread" daemon [_thread_blocked, id=25193, stack(0x00007ff2a0a0d000,0x00007ff2a0b0e000)]
  0x00007ff2ac0c0800 JavaThread "C2 CompilerThread1" daemon [_thread_blocked, id=25192, stack(0x00007ff2a0b0e000,0x00007ff2a0c0f000)]
  0x00007ff2ac0bd800 JavaThread "C2 CompilerThread0" daemon [_thread_blocked, id=25191, stack(0x00007ff2a0c0f000,0x00007ff2a0d10000)]
  0x00007ff27c001000 JavaThread "JDWP Command Reader" daemon [_thread_in_native, id=25189, stack(0x00007ff2a80ee000,0x00007ff2a81ef000)]
  0x00007ff2ac0bb800 JavaThread "JDWP Event Helper Thread" daemon [_thread_blocked, id=25188, stack(0x00007ff2a81ef000,0x00007ff2a82f0000)]
=>0x00007ff2ac0b7800 JavaThread "JDWP Transport Listener: dt_socket" daemon [_thread_in_vm, id=25185, stack(0x00007ff2a82f0000,0x00007ff2a83f1000)]
  0x00007ff2ac0aa800 JavaThread "Signal Dispatcher" daemon [_thread_blocked, id=25183, stack(0x00007ff2a85f6000,0x00007ff2a86f7000)]
  0x00007ff2ac07e800 JavaThread "Finalizer" daemon [_thread_blocked, id=25182, stack(0x00007ff2a86f7000,0x00007ff2a87f8000)]
  0x00007ff2ac07c800 JavaThread "Reference Handler" daemon [_thread_blocked, id=25181, stack(0x00007ff2a87f8000,0x00007ff2a88f9000)]
  0x00007ff2ac00c800 JavaThread "main" [_thread_blocked, id=25174, stack(0x00007ff2b58d9000,0x00007ff2b59da000)]

Other Threads:
  0x00007ff2ac078000 VMThread [stack: 0x00007ff2a88f9000,0x00007ff2a89fa000] [id=25180]
  0x00007ff2ac0cd800 WatcherThread [stack: 0x00007ff2a090c000,0x00007ff2a0a0d000] [id=25194]

VM state:not at safepoint (normal execution)

VM Mutex/Monitor currently owned by a thread: None

Heap
 PSYoungGen      total 27648K, used 21263K [0x00000000e1800000, 0x00000000e3680000, 0x0000000100000000)
  eden space 24064K, 88% used [0x00000000e1800000,0x00000000e2cc3e08,0x00000000e2f80000)
  from space 3584K, 0% used [0x00000000e3300000,0x00000000e3300000,0x00000000e3680000)
  to   space 3584K, 0% used [0x00000000e2f80000,0x00000000e2f80000,0x00000000e3300000)
 ParOldGen       total 62464K, used 0K [0x00000000a4800000, 0x00000000a8500000, 0x00000000e1800000)
  object space 62464K, 0% used [0x00000000a4800000,0x00000000a4800000,0x00000000a8500000)
 PSPermGen       total 21504K, used 10904K [0x000000009a200000, 0x000000009b700000, 0x00000000a4800000)
  object space 21504K, 50% used [0x000000009a200000,0x000000009aca61f0,0x000000009b700000)

Card table byte_map: [0x00007ff2b16cc000,0x00007ff2b19fc000] byte_map_base: 0x00007ff2b11fb000

Polling page: 0x00007ff2b59f9000

Code Cache  [0x00007ff2a9000000, 0x00007ff2a9270000, 0x00007ff2ac000000)
 total_blobs=344 nmethods=55 adapters=250 free_code_cache=48582Kb largest_free_block=49726464

Compilation events (10 events):
Event: 0,546 Thread 0x00007ff2ac0bd800   51             java.util.HashMap::get (29 bytes)
Event: 0,549 Thread 0x00007ff2ac0bd800 nmethod 51 0x00007ff2a9084fd0 code [0x00007ff2a9085140, 0x00007ff2a9085388]
Event: 0,606 Thread 0x00007ff2ac0c0800   52             java.lang.String$CaseInsensitiveComparator::compare (111 bytes)
Event: 0,613 Thread 0x00007ff2ac0c0800 nmethod 52 0x00007ff2a908e590 code [0x00007ff2a908e760, 0x00007ff2a908edd0]
Event: 0,639 Thread 0x00007ff2ac0bd800   53             java.lang.String::startsWith (7 bytes)
Event: 0,642 Thread 0x00007ff2ac0bd800 nmethod 53 0x00007ff2a908a050 code [0x00007ff2a908a1a0, 0x00007ff2a908a438]
Event: 0,644 Thread 0x00007ff2ac0c0800   54             java.util.Arrays::copyOf (19 bytes)
Event: 0,646 Thread 0x00007ff2ac0c0800 nmethod 54 0x00007ff2a908b3d0 code [0x00007ff2a908b520, 0x00007ff2a908b6b8]
Event: 0,657 Thread 0x00007ff2ac0bd800   55  s!         sun.misc.URLClassPath::getLoader (154 bytes)
Event: 0,668 Thread 0x00007ff2ac0bd800 nmethod 55 0x00007ff2a9091ed0 code [0x00007ff2a9092100, 0x00007ff2a9093200]

GC Heap History (0 events):
No events

Deoptimization events (10 events):
Event: 0,514 Thread 0x00007ff2ac00c800 Uncommon trap: reason=range_check action=none pc=0x00007ff2a9076454 method=sun.reflect.generics.parser.SignatureParser.current()C @ 34
Event: 0,574 Thread 0x00007ff2ac00c800 Uncommon trap: reason=range_check action=none pc=0x00007ff2a9076454 method=sun.reflect.generics.parser.SignatureParser.current()C @ 34
Event: 0,574 Thread 0x00007ff2ac00c800 Uncommon trap: reason=range_check action=none pc=0x00007ff2a9076454 method=sun.reflect.generics.parser.SignatureParser.current()C @ 34
Event: 0,574 Thread 0x00007ff2ac00c800 Uncommon trap: reason=range_check action=none pc=0x00007ff2a9076454 method=sun.reflect.generics.parser.SignatureParser.current()C @ 34
Event: 0,581 Thread 0x00007ff2ac00c800 Uncommon trap: reason=range_check action=none pc=0x00007ff2a9076454 method=sun.reflect.generics.parser.SignatureParser.current()C @ 34
Event: 0,581 Thread 0x00007ff2ac00c800 Uncommon trap: reason=range_check action=none pc=0x00007ff2a9076454 method=sun.reflect.generics.parser.SignatureParser.current()C @ 34
Event: 0,581 Thread 0x00007ff2ac00c800 Uncommon trap: reason=range_check action=none pc=0x00007ff2a9076454 method=sun.reflect.generics.parser.SignatureParser.current()C @ 34
Event: 0,589 Thread 0x00007ff2ac00c800 Uncommon trap: reason=range_check action=none pc=0x00007ff2a9076454 method=sun.reflect.generics.parser.SignatureParser.current()C @ 34
Event: 0,594 Thread 0x00007ff2ac00c800 Uncommon trap: reason=range_check action=none pc=0x00007ff2a9076454 method=sun.reflect.generics.parser.SignatureParser.current()C @ 34
Event: 0,666 Thread 0x00007ff2ac00c800 Uncommon trap: reason=unreached action=reinterpret pc=0x00007ff2a907de30 method=java.net.URL.<init>(Ljava/net/URL;Ljava/lang/String;Ljava/net/URLStreamHandler;)V @ 228

Internal exceptions (10 events):
Event: 1,131 Thread 0x00007ff2ac00c800 Threw 0x00000000e2c15ab0 at /build/buildd/openjdk-7-7u71-2.5.3/build/openjdk/hotspot/src/share/vm/prims/jvm.cpp:1284
Event: 1,132 Thread 0x00007ff2ac00c800 Threw 0x00000000e2c1a550 at /build/buildd/openjdk-7-7u71-2.5.3/build/openjdk/hotspot/src/share/vm/prims/jvm.cpp:1284
Event: 1,134 Thread 0x00007ff2ac00c800 Threw 0x00000000e2c1ffd8 at /build/buildd/openjdk-7-7u71-2.5.3/build/openjdk/hotspot/src/share/vm/prims/jvm.cpp:1284
Event: 1,135 Thread 0x00007ff2ac00c800 Threw 0x00000000e2c25808 at /build/buildd/openjdk-7-7u71-2.5.3/build/openjdk/hotspot/src/share/vm/prims/jvm.cpp:1284
Event: 1,136 Thread 0x00007ff2ac00c800 Threw 0x00000000e2c2ae78 at /build/buildd/openjdk-7-7u71-2.5.3/build/openjdk/hotspot/src/share/vm/prims/jvm.cpp:1284
Event: 1,137 Thread 0x00007ff2ac00c800 Threw 0x00000000e2c30300 at /build/buildd/openjdk-7-7u71-2.5.3/build/openjdk/hotspot/src/share/vm/prims/jvm.cpp:1284
Event: 1,138 Thread 0x00007ff2ac00c800 Threw 0x00000000e2c35718 at /build/buildd/openjdk-7-7u71-2.5.3/build/openjdk/hotspot/src/share/vm/prims/jvm.cpp:1284
Event: 1,140 Thread 0x00007ff2ac00c800 Threw 0x00000000e2c41998 at /build/buildd/openjdk-7-7u71-2.5.3/build/openjdk/hotspot/src/share/vm/prims/jvm.cpp:1284
Event: 1,141 Thread 0x00007ff2ac00c800 Threw 0x00000000e2c464a8 at /build/buildd/openjdk-7-7u71-2.5.3/build/openjdk/hotspot/src/share/vm/prims/jvm.cpp:1284
Event: 1,141 Thread 0x00007ff2ac00c800 Threw 0x00000000e2c4d910 at /build/buildd/openjdk-7-7u71-2.5.3/build/openjdk/hotspot/src/share/vm/prims/jvm.cpp:1284

Events (10 events):
Event: 300,165 Executing VM operation: RedefineClasses
Event: 300,166 Executing VM operation: RedefineClasses done
Event: 300,167 Executing VM operation: EnterInterpOnlyMode
Event: 300,167 Executing VM operation: EnterInterpOnlyMode done
Event: 300,167 Executing VM operation: GetCurrentLocation
Event: 300,167 Executing VM operation: GetCurrentLocation done
Event: 300,167 Executing VM operation: ChangeSingleStep
Event: 300,167 Executing VM operation: ChangeSingleStep done
Event: 300,167 Executing VM operation: ChangeSingleStep
Event: 300,167 Executing VM operation: ChangeSingleStep done


Dynamic libraries:
00400000-00401000 r-xp 00000000 08:02 22026453                           /usr/lib/jvm/java-7-openjdk-amd64/jre/bin/java
00600000-00601000 r--p 00000000 08:02 22026453                           /usr/lib/jvm/java-7-openjdk-amd64/jre/bin/java
00601000-00602000 rw-p 00001000 08:02 22026453                           /usr/lib/jvm/java-7-openjdk-amd64/jre/bin/java
01066000-01087000 rw-p 00000000 00:00 0                                  [heap]
9a200000-9b700000 rw-p 00000000 00:00 0 
9b700000-a4800000 rw-p 00000000 00:00 0 
a4800000-a8500000 rw-p 00000000 00:00 0 
a8500000-e1800000 rw-p 00000000 00:00 0 
e1800000-e3680000 rw-p 00000000 00:00 0 
e3680000-100000000 rw-p 00000000 00:00 0 
7ff264000000-7ff264021000 rw-p 00000000 00:00 0 
7ff264021000-7ff268000000 ---p 00000000 00:00 0 
7ff26a8ba000-7ff26aaf4000 rw-p 00000000 00:00 0 
7ff26aaf4000-7ff26aaf9000 r-xp 00000000 08:02 16385006                   /lib/x86_64-linux-gnu/libnss_dns-2.19.so
7ff26aaf9000-7ff26acf8000 ---p 00005000 08:02 16385006                   /lib/x86_64-linux-gnu/libnss_dns-2.19.so
7ff26acf8000-7ff26acf9000 r--p 00004000 08:02 16385006                   /lib/x86_64-linux-gnu/libnss_dns-2.19.so
7ff26acf9000-7ff26acfa000 rw-p 00005000 08:02 16385006                   /lib/x86_64-linux-gnu/libnss_dns-2.19.so
7ff26acfa000-7ff26acfc000 r-xp 00000000 08:02 16388055                   /lib/x86_64-linux-gnu/libnss_mdns4_minimal.so.2
7ff26acfc000-7ff26aefb000 ---p 00002000 08:02 16388055                   /lib/x86_64-linux-gnu/libnss_mdns4_minimal.so.2
7ff26aefb000-7ff26aefc000 r--p 00001000 08:02 16388055                   /lib/x86_64-linux-gnu/libnss_mdns4_minimal.so.2
7ff26aefc000-7ff26aefd000 rw-p 00002000 08:02 16388055                   /lib/x86_64-linux-gnu/libnss_mdns4_minimal.so.2
7ff26aefd000-7ff26af3a000 r-xp 00000000 08:02 16388077                   /lib/x86_64-linux-gnu/libpcre.so.3.13.1
7ff26af3a000-7ff26b139000 ---p 0003d000 08:02 16388077                   /lib/x86_64-linux-gnu/libpcre.so.3.13.1
7ff26b139000-7ff26b13a000 r--p 0003c000 08:02 16388077                   /lib/x86_64-linux-gnu/libpcre.so.3.13.1
7ff26b13a000-7ff26b13b000 rw-p 0003d000 08:02 16388077                   /lib/x86_64-linux-gnu/libpcre.so.3.13.1
7ff26b13b000-7ff26b142000 r-xp 00000000 08:02 22027973                   /usr/lib/x86_64-linux-gnu/libffi.so.6.0.1
7ff26b142000-7ff26b341000 ---p 00007000 08:02 22027973                   /usr/lib/x86_64-linux-gnu/libffi.so.6.0.1
7ff26b341000-7ff26b342000 r--p 00006000 08:02 22027973                   /usr/lib/x86_64-linux-gnu/libffi.so.6.0.1
7ff26b342000-7ff26b343000 rw-p 00007000 08:02 22027973                   /usr/lib/x86_64-linux-gnu/libffi.so.6.0.1
7ff26b343000-7ff26b35a000 r-xp 00000000 08:02 16384104                   /lib/x86_64-linux-gnu/libresolv-2.19.so
7ff26b35a000-7ff26b55a000 ---p 00017000 08:02 16384104                   /lib/x86_64-linux-gnu/libresolv-2.19.so
7ff26b55a000-7ff26b55b000 r--p 00017000 08:02 16384104                   /lib/x86_64-linux-gnu/libresolv-2.19.so
7ff26b55b000-7ff26b55c000 rw-p 00018000 08:02 16384104                   /lib/x86_64-linux-gnu/libresolv-2.19.so
7ff26b55c000-7ff26b55e000 rw-p 00000000 00:00 0 
7ff26b55e000-7ff26b57e000 r-xp 00000000 08:02 16388104                   /lib/x86_64-linux-gnu/libselinux.so.1
7ff26b57e000-7ff26b77d000 ---p 00020000 08:02 16388104                   /lib/x86_64-linux-gnu/libselinux.so.1
7ff26b77d000-7ff26b77e000 r--p 0001f000 08:02 16388104                   /lib/x86_64-linux-gnu/libselinux.so.1
7ff26b77e000-7ff26b77f000 rw-p 00020000 08:02 16388104                   /lib/x86_64-linux-gnu/libselinux.so.1
7ff26b77f000-7ff26b781000 rw-p 00000000 00:00 0 
7ff26b781000-7ff26b784000 r-xp 00000000 08:02 22020460                   /usr/lib/x86_64-linux-gnu/libgmodule-2.0.so.0.4002.0
7ff26b784000-7ff26b983000 ---p 00003000 08:02 22020460                   /usr/lib/x86_64-linux-gnu/libgmodule-2.0.so.0.4002.0
7ff26b983000-7ff26b984000 r--p 00002000 08:02 22020460                   /usr/lib/x86_64-linux-gnu/libgmodule-2.0.so.0.4002.0
7ff26b984000-7ff26b985000 rw-p 00003000 08:02 22020460                   /usr/lib/x86_64-linux-gnu/libgmodule-2.0.so.0.4002.0
7ff26b985000-7ff26ba8b000 r-xp 00000000 08:02 16387938                   /lib/x86_64-linux-gnu/libglib-2.0.so.0.4002.0
7ff26ba8b000-7ff26bc8a000 ---p 00106000 08:02 16387938                   /lib/x86_64-linux-gnu/libglib-2.0.so.0.4002.0
7ff26bc8a000-7ff26bc8b000 r--p 00105000 08:02 16387938                   /lib/x86_64-linux-gnu/libglib-2.0.so.0.4002.0
7ff26bc8b000-7ff26bc8c000 rw-p 00106000 08:02 16387938                   /lib/x86_64-linux-gnu/libglib-2.0.so.0.4002.0
7ff26bc8c000-7ff26bc8d000 rw-p 00000000 00:00 0 
7ff26bc8d000-7ff26bdf9000 r-xp 00000000 08:02 22020482                   /usr/lib/x86_64-linux-gnu/libgio-2.0.so.0.4002.0
7ff26bdf9000-7ff26bff8000 ---p 0016c000 08:02 22020482                   /usr/lib/x86_64-linux-gnu/libgio-2.0.so.0.4002.0
7ff26bff8000-7ff26bffc000 r--p 0016b000 08:02 22020482                   /usr/lib/x86_64-linux-gnu/libgio-2.0.so.0.4002.0
7ff26bffc000-7ff26bffe000 rw-p 0016f000 08:02 22020482                   /usr/lib/x86_64-linux-gnu/libgio-2.0.so.0.4002.0
7ff26bffe000-7ff26c000000 rw-p 00000000 00:00 0 
7ff26c000000-7ff26c29d000 rw-p 00000000 00:00 0 
7ff26c29d000-7ff270000000 ---p 00000000 00:00 0 
7ff270000000-7ff270021000 rw-p 00000000 00:00 0 
7ff270021000-7ff274000000 ---p 00000000 00:00 0 
7ff274000000-7ff274021000 rw-p 00000000 00:00 0 
7ff274021000-7ff278000000 ---p 00000000 00:00 0 
7ff278000000-7ff27838e000 rw-p 00000000 00:00 0 
7ff27838e000-7ff27c000000 ---p 00000000 00:00 0 
7ff27c000000-7ff27c2a7000 rw-p 00000000 00:00 0 
7ff27c2a7000-7ff280000000 ---p 00000000 00:00 0 
7ff280000000-7ff280021000 rw-p 00000000 00:00 0 
7ff280021000-7ff284000000 ---p 00000000 00:00 0 
7ff284000000-7ff284021000 rw-p 00000000 00:00 0 
7ff284021000-7ff288000000 ---p 00000000 00:00 0 
7ff288000000-7ff288021000 rw-p 00000000 00:00 0 
7ff288021000-7ff28c000000 ---p 00000000 00:00 0 
7ff28c000000-7ff28c021000 rw-p 00000000 00:00 0 
7ff28c021000-7ff290000000 ---p 00000000 00:00 0 
7ff290000000-7ff290021000 rw-p 00000000 00:00 0 
7ff290021000-7ff294000000 ---p 00000000 00:00 0 
7ff294000000-7ff294021000 rw-p 00000000 00:00 0 
7ff294021000-7ff298000000 ---p 00000000 00:00 0 
7ff298000000-7ff298021000 rw-p 00000000 00:00 0 
7ff298021000-7ff29c000000 ---p 00000000 00:00 0 
7ff29c000000-7ff29c021000 rw-p 00000000 00:00 0 
7ff29c021000-7ff2a0000000 ---p 00000000 00:00 0 
7ff2a0088000-7ff2a00d7000 r-xp 00000000 08:02 22020478                   /usr/lib/x86_64-linux-gnu/libgobject-2.0.so.0.4002.0
7ff2a00d7000-7ff2a02d7000 ---p 0004f000 08:02 22020478                   /usr/lib/x86_64-linux-gnu/libgobject-2.0.so.0.4002.0
7ff2a02d7000-7ff2a02d8000 r--p 0004f000 08:02 22020478                   /usr/lib/x86_64-linux-gnu/libgobject-2.0.so.0.4002.0
7ff2a02d8000-7ff2a02d9000 rw-p 00050000 08:02 22020478                   /usr/lib/x86_64-linux-gnu/libgobject-2.0.so.0.4002.0
7ff2a02d9000-7ff2a02f0000 r-xp 00000000 08:02 22026405                   /usr/lib/jvm/java-7-openjdk-amd64/jre/lib/amd64/libnet.so
7ff2a02f0000-7ff2a04ef000 ---p 00017000 08:02 22026405                   /usr/lib/jvm/java-7-openjdk-amd64/jre/lib/amd64/libnet.so
7ff2a04ef000-7ff2a04f0000 r--p 00016000 08:02 22026405                   /usr/lib/jvm/java-7-openjdk-amd64/jre/lib/amd64/libnet.so
7ff2a04f0000-7ff2a04f1000 rw-p 00017000 08:02 22026405                   /usr/lib/jvm/java-7-openjdk-amd64/jre/lib/amd64/libnet.so
7ff2a04f1000-7ff2a0501000 r-xp 00000000 08:02 22026424                   /usr/lib/jvm/java-7-openjdk-amd64/jre/lib/amd64/libnio.so
7ff2a0501000-7ff2a0701000 ---p 00010000 08:02 22026424                   /usr/lib/jvm/java-7-openjdk-amd64/jre/lib/amd64/libnio.so
7ff2a0701000-7ff2a0702000 r--p 00010000 08:02 22026424                   /usr/lib/jvm/java-7-openjdk-amd64/jre/lib/amd64/libnio.so
7ff2a0702000-7ff2a0703000 rw-p 00011000 08:02 22026424                   /usr/lib/jvm/java-7-openjdk-amd64/jre/lib/amd64/libnio.so
7ff2a0703000-7ff2a070b000 r-xp 00000000 08:02 22026425                   /usr/lib/jvm/java-7-openjdk-amd64/jre/lib/amd64/libmanagement.so
7ff2a070b000-7ff2a090a000 ---p 00008000 08:02 22026425                   /usr/lib/jvm/java-7-openjdk-amd64/jre/lib/amd64/libmanagement.so
7ff2a090a000-7ff2a090b000 r--p 00007000 08:02 22026425                   /usr/lib/jvm/java-7-openjdk-amd64/jre/lib/amd64/libmanagement.so
7ff2a090b000-7ff2a090c000 rw-p 00008000 08:02 22026425                   /usr/lib/jvm/java-7-openjdk-amd64/jre/lib/amd64/libmanagement.so
7ff2a090c000-7ff2a090d000 ---p 00000000 00:00 0 
7ff2a090d000-7ff2a0a0d000 rw-p 00000000 00:00 0                          [stack:25194]
7ff2a0a0d000-7ff2a0a10000 ---p 00000000 00:00 0 
7ff2a0a10000-7ff2a0b0e000 rw-p 00000000 00:00 0                          [stack:25193]
7ff2a0b0e000-7ff2a0b11000 ---p 00000000 00:00 0 
7ff2a0b11000-7ff2a0c0f000 rw-p 00000000 00:00 0                          [stack:25192]
7ff2a0c0f000-7ff2a0c12000 ---p 00000000 00:00 0 
7ff2a0c12000-7ff2a4000000 rw-p 00000000 00:00 0                          [stack:25191]
7ff2a4000000-7ff2a4021000 rw-p 00000000 00:00 0 
7ff2a4021000-7ff2a8000000 ---p 00000000 00:00 0 
7ff2a804d000-7ff2a80ee000 rw-p 00000000 00:00 0 
7ff2a80ee000-7ff2a80f1000 ---p 00000000 00:00 0 
7ff2a80f1000-7ff2a81ef000 rw-p 00000000 00:00 0                          [stack:25189]
7ff2a81ef000-7ff2a81f2000 ---p 00000000 00:00 0 
7ff2a81f2000-7ff2a82f0000 rw-p 00000000 00:00 0                          [stack:25188]
7ff2a82f0000-7ff2a82f3000 ---p 00000000 00:00 0 
7ff2a82f3000-7ff2a83f1000 rw-p 00000000 00:00 0                          [stack:25185]
7ff2a83f1000-7ff2a83f5000 r-xp 00000000 08:02 22026411                   /usr/lib/jvm/java-7-openjdk-amd64/jre/lib/amd64/libdt_socket.so
7ff2a83f5000-7ff2a85f4000 ---p 00004000 08:02 22026411                   /usr/lib/jvm/java-7-openjdk-amd64/jre/lib/amd64/libdt_socket.so
7ff2a85f4000-7ff2a85f5000 r--p 00003000 08:02 22026411                   /usr/lib/jvm/java-7-openjdk-amd64/jre/lib/amd64/libdt_socket.so
7ff2a85f5000-7ff2a85f6000 rw-p 00004000 08:02 22026411                   /usr/lib/jvm/java-7-openjdk-amd64/jre/lib/amd64/libdt_socket.so
7ff2a85f6000-7ff2a85f9000 ---p 00000000 00:00 0 
7ff2a85f9000-7ff2a86f7000 rw-p 00000000 00:00 0                          [stack:25183]
7ff2a86f7000-7ff2a86fa000 ---p 00000000 00:00 0 
7ff2a86fa000-7ff2a87f8000 rw-p 00000000 00:00 0                          [stack:25182]
7ff2a87f8000-7ff2a87fb000 ---p 00000000 00:00 0 
7ff2a87fb000-7ff2a88f9000 rw-p 00000000 00:00 0                          [stack:25181]
7ff2a88f9000-7ff2a88fa000 ---p 00000000 00:00 0 
7ff2a88fa000-7ff2a9000000 rw-p 00000000 00:00 0                          [stack:25180]
7ff2a9000000-7ff2a9270000 rwxp 00000000 00:00 0 
7ff2a9270000-7ff2ac3e6000 rw-p 00000000 00:00 0 
7ff2ac3e6000-7ff2b0000000 ---p 00000000 00:00 0 
7ff2b0025000-7ff2b0056000 rw-p 00000000 00:00 0 
7ff2b0068000-7ff2b0071000 r--s 000b9000 08:02 22026384                   /usr/lib/jvm/java-7-openjdk-amd64/jre/lib/resources.jar
7ff2b0071000-7ff2b0080000 r--s 00081000 08:02 32899090                   /home/mastinux/.m2/repository/joda-time/joda-time/2.5/joda-time-2.5.jar
7ff2b0080000-7ff2b0092000 r--s 000b8000 08:02 32768804                   /home/mastinux/.m2/repository/org/apache/logging/log4j/log4j-core/2.1/log4j-core-2.1.jar
7ff2b0092000-7ff2b0097000 r--s 0002e000 08:02 32899089                   /home/mastinux/.m2/repository/com/google/code/gson/gson/2.3/gson-2.3.jar
7ff2b0097000-7ff2b009d000 r--s 00033000 08:02 32507094                   /home/mastinux/.m2/repository/commons-codec/commons-codec/1.6/commons-codec-1.6.jar
7ff2b009d000-7ff2b0a94000 rw-p 00000000 00:00 0 
7ff2b0a94000-7ff2b0c45000 r--s 01d25000 08:02 22026444                   /usr/lib/jvm/java-7-openjdk-amd64/jre/lib/rt.jar
7ff2b0c45000-7ff2b108d000 rw-p 00000000 00:00 0 
7ff2b108d000-7ff2b108e000 ---p 00000000 00:00 0 
7ff2b108e000-7ff2b118e000 rw-p 00000000 00:00 0                          [stack:25179]
7ff2b118e000-7ff2b118f000 ---p 00000000 00:00 0 
7ff2b118f000-7ff2b128f000 rw-p 00000000 00:00 0                          [stack:25178]
7ff2b128f000-7ff2b1290000 ---p 00000000 00:00 0 
7ff2b1290000-7ff2b1390000 rw-p 00000000 00:00 0                          [stack:25177]
7ff2b1390000-7ff2b1391000 ---p 00000000 00:00 0 
7ff2b1391000-7ff2b149c000 rw-p 00000000 00:00 0                          [stack:25176]
7ff2b149c000-7ff2b14e4000 rw-p 00000000 00:00 0 
7ff2b14e4000-7ff2b1503000 rw-p 00000000 00:00 0 
7ff2b1503000-7ff2b16cc000 rw-p 00000000 00:00 0 
7ff2b16cc000-7ff2b16d7000 rw-p 00000000 00:00 0 
7ff2b16d7000-7ff2b171f000 rw-p 00000000 00:00 0 
7ff2b171f000-7ff2b173e000 rw-p 00000000 00:00 0 
7ff2b173e000-7ff2b1907000 rw-p 00000000 00:00 0 
7ff2b1907000-7ff2b1917000 rw-p 00000000 00:00 0 
7ff2b1917000-7ff2b19fb000 rw-p 00000000 00:00 0 
7ff2b19fb000-7ff2b19fc000 rw-p 00000000 00:00 0 
7ff2b19fc000-7ff2b1a04000 r-xp 00000000 08:02 22026393                   /usr/lib/jvm/java-7-openjdk-amd64/jre/lib/amd64/libzip.so
7ff2b1a04000-7ff2b1c03000 ---p 00008000 08:02 22026393                   /usr/lib/jvm/java-7-openjdk-amd64/jre/lib/amd64/libzip.so
7ff2b1c03000-7ff2b1c04000 r--p 00007000 08:02 22026393                   /usr/lib/jvm/java-7-openjdk-amd64/jre/lib/amd64/libzip.so
7ff2b1c04000-7ff2b1c05000 rw-p 00008000 08:02 22026393                   /usr/lib/jvm/java-7-openjdk-amd64/jre/lib/amd64/libzip.so
7ff2b1c05000-7ff2b1c10000 r-xp 00000000 08:02 16388248                   /lib/x86_64-linux-gnu/libnss_files-2.19.so
7ff2b1c10000-7ff2b1e0f000 ---p 0000b000 08:02 16388248                   /lib/x86_64-linux-gnu/libnss_files-2.19.so
7ff2b1e0f000-7ff2b1e10000 r--p 0000a000 08:02 16388248                   /lib/x86_64-linux-gnu/libnss_files-2.19.so
7ff2b1e10000-7ff2b1e11000 rw-p 0000b000 08:02 16388248                   /lib/x86_64-linux-gnu/libnss_files-2.19.so
7ff2b1e11000-7ff2b1e1c000 r-xp 00000000 08:02 16388249                   /lib/x86_64-linux-gnu/libnss_nis-2.19.so
7ff2b1e1c000-7ff2b201b000 ---p 0000b000 08:02 16388249                   /lib/x86_64-linux-gnu/libnss_nis-2.19.so
7ff2b201b000-7ff2b201c000 r--p 0000a000 08:02 16388249                   /lib/x86_64-linux-gnu/libnss_nis-2.19.so
7ff2b201c000-7ff2b201d000 rw-p 0000b000 08:02 16388249                   /lib/x86_64-linux-gnu/libnss_nis-2.19.so
7ff2b201d000-7ff2b2034000 r-xp 00000000 08:02 16385001                   /lib/x86_64-linux-gnu/libnsl-2.19.so
7ff2b2034000-7ff2b2233000 ---p 00017000 08:02 16385001                   /lib/x86_64-linux-gnu/libnsl-2.19.so
7ff2b2233000-7ff2b2234000 r--p 00016000 08:02 16385001                   /lib/x86_64-linux-gnu/libnsl-2.19.so
7ff2b2234000-7ff2b2235000 rw-p 00017000 08:02 16385001                   /lib/x86_64-linux-gnu/libnsl-2.19.so
7ff2b2235000-7ff2b2237000 rw-p 00000000 00:00 0 
7ff2b2237000-7ff2b2240000 r-xp 00000000 08:02 16384102                   /lib/x86_64-linux-gnu/libnss_compat-2.19.so
7ff2b2240000-7ff2b243f000 ---p 00009000 08:02 16384102                   /lib/x86_64-linux-gnu/libnss_compat-2.19.so
7ff2b243f000-7ff2b2440000 r--p 00008000 08:02 16384102                   /lib/x86_64-linux-gnu/libnss_compat-2.19.so
7ff2b2440000-7ff2b2441000 rw-p 00009000 08:02 16384102                   /lib/x86_64-linux-gnu/libnss_compat-2.19.so
7ff2b2441000-7ff2b2b25000 r--p 00000000 08:02 22026793                   /usr/lib/locale/locale-archive
7ff2b2b25000-7ff2b2b28000 r-xp 00000000 08:02 22026426                   /usr/lib/jvm/java-7-openjdk-amd64/jre/lib/amd64/libnpt.so
7ff2b2b28000-7ff2b2d27000 ---p 00003000 08:02 22026426                   /usr/lib/jvm/java-7-openjdk-amd64/jre/lib/amd64/libnpt.so
7ff2b2d27000-7ff2b2d28000 r--p 00002000 08:02 22026426                   /usr/lib/jvm/java-7-openjdk-amd64/jre/lib/amd64/libnpt.so
7ff2b2d28000-7ff2b2d29000 rw-p 00003000 08:02 22026426                   /usr/lib/jvm/java-7-openjdk-amd64/jre/lib/amd64/libnpt.so
7ff2b2d29000-7ff2b2d63000 r-xp 00000000 08:02 22026417                   /usr/lib/jvm/java-7-openjdk-amd64/jre/lib/amd64/libjdwp.so
7ff2b2d63000-7ff2b2f62000 ---p 0003a000 08:02 22026417                   /usr/lib/jvm/java-7-openjdk-amd64/jre/lib/amd64/libjdwp.so
7ff2b2f62000-7ff2b2f63000 r--p 00039000 08:02 22026417                   /usr/lib/jvm/java-7-openjdk-amd64/jre/lib/amd64/libjdwp.so
7ff2b2f63000-7ff2b2f64000 rw-p 0003a000 08:02 22026417                   /usr/lib/jvm/java-7-openjdk-amd64/jre/lib/amd64/libjdwp.so
7ff2b2f64000-7ff2b2f8f000 r-xp 00000000 08:02 22026404                   /usr/lib/jvm/java-7-openjdk-amd64/jre/lib/amd64/libjava.so
7ff2b2f8f000-7ff2b318e000 ---p 0002b000 08:02 22026404                   /usr/lib/jvm/java-7-openjdk-amd64/jre/lib/amd64/libjava.so
7ff2b318e000-7ff2b318f000 r--p 0002a000 08:02 22026404                   /usr/lib/jvm/java-7-openjdk-amd64/jre/lib/amd64/libjava.so
7ff2b318f000-7ff2b3191000 rw-p 0002b000 08:02 22026404                   /usr/lib/jvm/java-7-openjdk-amd64/jre/lib/amd64/libjava.so
7ff2b3191000-7ff2b31a1000 r-xp 00000000 08:02 22026423                   /usr/lib/jvm/java-7-openjdk-amd64/jre/lib/amd64/libverify.so
7ff2b31a1000-7ff2b33a0000 ---p 00010000 08:02 22026423                   /usr/lib/jvm/java-7-openjdk-amd64/jre/lib/amd64/libverify.so
7ff2b33a0000-7ff2b33a2000 r--p 0000f000 08:02 22026423                   /usr/lib/jvm/java-7-openjdk-amd64/jre/lib/amd64/libverify.so
7ff2b33a2000-7ff2b33a3000 rw-p 00011000 08:02 22026423                   /usr/lib/jvm/java-7-openjdk-amd64/jre/lib/amd64/libverify.so
7ff2b33a3000-7ff2b33aa000 r-xp 00000000 08:02 16385004                   /lib/x86_64-linux-gnu/librt-2.19.so
7ff2b33aa000-7ff2b35a9000 ---p 00007000 08:02 16385004                   /lib/x86_64-linux-gnu/librt-2.19.so
7ff2b35a9000-7ff2b35aa000 r--p 00006000 08:02 16385004                   /lib/x86_64-linux-gnu/librt-2.19.so
7ff2b35aa000-7ff2b35ab000 rw-p 00007000 08:02 16385004                   /lib/x86_64-linux-gnu/librt-2.19.so
7ff2b35ab000-7ff2b35c1000 r-xp 00000000 08:02 16384099                   /lib/x86_64-linux-gnu/libgcc_s.so.1
7ff2b35c1000-7ff2b37c0000 ---p 00016000 08:02 16384099                   /lib/x86_64-linux-gnu/libgcc_s.so.1
7ff2b37c0000-7ff2b37c1000 rw-p 00015000 08:02 16384099                   /lib/x86_64-linux-gnu/libgcc_s.so.1
7ff2b37c1000-7ff2b38c6000 r-xp 00000000 08:02 16387904                   /lib/x86_64-linux-gnu/libm-2.19.so
7ff2b38c6000-7ff2b3ac5000 ---p 00105000 08:02 16387904                   /lib/x86_64-linux-gnu/libm-2.19.so
7ff2b3ac5000-7ff2b3ac6000 r--p 00104000 08:02 16387904                   /lib/x86_64-linux-gnu/libm-2.19.so
7ff2b3ac6000-7ff2b3ac7000 rw-p 00105000 08:02 16387904                   /lib/x86_64-linux-gnu/libm-2.19.so
7ff2b3ac7000-7ff2b3bad000 r-xp 00000000 08:02 22028601                   /usr/lib/x86_64-linux-gnu/libstdc++.so.6.0.19
7ff2b3bad000-7ff2b3dac000 ---p 000e6000 08:02 22028601                   /usr/lib/x86_64-linux-gnu/libstdc++.so.6.0.19
7ff2b3dac000-7ff2b3db4000 r--p 000e5000 08:02 22028601                   /usr/lib/x86_64-linux-gnu/libstdc++.so.6.0.19
7ff2b3db4000-7ff2b3db6000 rw-p 000ed000 08:02 22028601                   /usr/lib/x86_64-linux-gnu/libstdc++.so.6.0.19
7ff2b3db6000-7ff2b3dcb000 rw-p 00000000 00:00 0 
7ff2b3dcb000-7ff2b48e1000 r-xp 00000000 08:02 22151185                   /usr/lib/jvm/java-7-openjdk-amd64/jre/lib/amd64/server/libjvm.so
7ff2b48e1000-7ff2b4ae0000 ---p 00b16000 08:02 22151185                   /usr/lib/jvm/java-7-openjdk-amd64/jre/lib/amd64/server/libjvm.so
7ff2b4ae0000-7ff2b4b7a000 r--p 00b15000 08:02 22151185                   /usr/lib/jvm/java-7-openjdk-amd64/jre/lib/amd64/server/libjvm.so
7ff2b4b7a000-7ff2b4b9d000 rw-p 00baf000 08:02 22151185                   /usr/lib/jvm/java-7-openjdk-amd64/jre/lib/amd64/server/libjvm.so
7ff2b4b9d000-7ff2b4bcb000 rw-p 00000000 00:00 0 
7ff2b4bcb000-7ff2b4be3000 r-xp 00000000 08:02 16388137                   /lib/x86_64-linux-gnu/libz.so.1.2.8
7ff2b4be3000-7ff2b4de2000 ---p 00018000 08:02 16388137                   /lib/x86_64-linux-gnu/libz.so.1.2.8
7ff2b4de2000-7ff2b4de3000 r--p 00017000 08:02 16388137                   /lib/x86_64-linux-gnu/libz.so.1.2.8
7ff2b4de3000-7ff2b4de4000 rw-p 00018000 08:02 16388137                   /lib/x86_64-linux-gnu/libz.so.1.2.8
7ff2b4de4000-7ff2b4dfd000 r-xp 00000000 08:02 16388254                   /lib/x86_64-linux-gnu/libpthread-2.19.so
7ff2b4dfd000-7ff2b4ffc000 ---p 00019000 08:02 16388254                   /lib/x86_64-linux-gnu/libpthread-2.19.so
7ff2b4ffc000-7ff2b4ffd000 r--p 00018000 08:02 16388254                   /lib/x86_64-linux-gnu/libpthread-2.19.so
7ff2b4ffd000-7ff2b4ffe000 rw-p 00019000 08:02 16388254                   /lib/x86_64-linux-gnu/libpthread-2.19.so
7ff2b4ffe000-7ff2b5002000 rw-p 00000000 00:00 0 
7ff2b5002000-7ff2b5005000 r-xp 00000000 08:02 16388253                   /lib/x86_64-linux-gnu/libdl-2.19.so
7ff2b5005000-7ff2b5204000 ---p 00003000 08:02 16388253                   /lib/x86_64-linux-gnu/libdl-2.19.so
7ff2b5204000-7ff2b5205000 r--p 00002000 08:02 16388253                   /lib/x86_64-linux-gnu/libdl-2.19.so
7ff2b5205000-7ff2b5206000 rw-p 00003000 08:02 16388253                   /lib/x86_64-linux-gnu/libdl-2.19.so
7ff2b5206000-7ff2b53c1000 r-xp 00000000 08:02 16385009                   /lib/x86_64-linux-gnu/libc-2.19.so
7ff2b53c1000-7ff2b55c1000 ---p 001bb000 08:02 16385009                   /lib/x86_64-linux-gnu/libc-2.19.so
7ff2b55c1000-7ff2b55c5000 r--p 001bb000 08:02 16385009                   /lib/x86_64-linux-gnu/libc-2.19.so
7ff2b55c5000-7ff2b55c7000 rw-p 001bf000 08:02 16385009                   /lib/x86_64-linux-gnu/libc-2.19.so
7ff2b55c7000-7ff2b55cc000 rw-p 00000000 00:00 0 
7ff2b55cc000-7ff2b55d9000 r-xp 00000000 08:02 22026402                   /usr/lib/jvm/java-7-openjdk-amd64/jre/lib/amd64/jli/libjli.so
7ff2b55d9000-7ff2b57d8000 ---p 0000d000 08:02 22026402                   /usr/lib/jvm/java-7-openjdk-amd64/jre/lib/amd64/jli/libjli.so
7ff2b57d8000-7ff2b57d9000 r--p 0000c000 08:02 22026402                   /usr/lib/jvm/java-7-openjdk-amd64/jre/lib/amd64/jli/libjli.so
7ff2b57d9000-7ff2b57da000 rw-p 0000d000 08:02 22026402                   /usr/lib/jvm/java-7-openjdk-amd64/jre/lib/amd64/jli/libjli.so
7ff2b57da000-7ff2b57fd000 r-xp 00000000 08:02 16385010                   /lib/x86_64-linux-gnu/ld-2.19.so
7ff2b57fd000-7ff2b57fe000 rw-p 00000000 00:00 0 
7ff2b57fe000-7ff2b5801000 r--s 0001e000 08:02 32768803                   /home/mastinux/.m2/repository/org/apache/logging/log4j/log4j-api/2.1/log4j-api-2.1.jar
7ff2b5801000-7ff2b5803000 r--s 0000e000 08:02 32768802                   /home/mastinux/.m2/repository/commons-logging/commons-logging/1.1.3/commons-logging-1.1.3.jar
7ff2b5803000-7ff2b5809000 r--s 0003f000 08:02 32637012                   /home/mastinux/.m2/repository/org/apache/httpcomponents/httpcore/4.3.2/httpcore-4.3.2.jar
7ff2b5809000-7ff2b5815000 r--s 00085000 08:02 32637008                   /home/mastinux/.m2/repository/org/apache/httpcomponents/httpclient/4.3.5/httpclient-4.3.5.jar
7ff2b5815000-7ff2b5819000 r--s 00085000 08:02 22678208                   /usr/lib/jvm/java-7-openjdk-amd64/jre/lib/ext/localedata.jar
7ff2b5819000-7ff2b5823000 rw-p 00000000 00:00 0 
7ff2b5823000-7ff2b58d9000 rw-p 00000000 00:00 0 
7ff2b58d9000-7ff2b58dc000 ---p 00000000 00:00 0 
7ff2b58dc000-7ff2b59e0000 rw-p 00000000 00:00 0                          [stack:25174]
7ff2b59e0000-7ff2b59e2000 r--s 00006000 08:02 22419309                   /usr/share/java/java-atk-wrapper.jar
7ff2b59e2000-7ff2b59e3000 r--s 00002000 08:02 22678210                   /usr/lib/jvm/java-7-openjdk-amd64/jre/lib/ext/dnsns.jar
7ff2b59e3000-7ff2b59e5000 r--s 00012000 08:02 22678206                   /usr/lib/jvm/java-7-openjdk-amd64/jre/lib/ext/zipfs.jar
7ff2b59e5000-7ff2b59e9000 r--s 00034000 08:02 22678209                   /usr/lib/jvm/java-7-openjdk-amd64/jre/lib/ext/sunjce_provider.jar
7ff2b59e9000-7ff2b59ed000 r--s 0003c000 08:02 22678207                   /usr/lib/jvm/java-7-openjdk-amd64/jre/lib/ext/sunpkcs11.jar
7ff2b59ed000-7ff2b59f0000 r--s 0000f000 08:02 22678205                   /usr/lib/jvm/java-7-openjdk-amd64/jre/lib/ext/icedtea-sound.jar
7ff2b59f0000-7ff2b59f8000 rw-s 00000000 08:02 2228450                    /tmp/hsperfdata_mastinux/25168
7ff2b59f8000-7ff2b59f9000 rw-p 00000000 00:00 0 
7ff2b59f9000-7ff2b59fa000 r--p 00000000 00:00 0 
7ff2b59fa000-7ff2b59fc000 rw-p 00000000 00:00 0 
7ff2b59fc000-7ff2b59fd000 r--p 00022000 08:02 16385010                   /lib/x86_64-linux-gnu/ld-2.19.so
7ff2b59fd000-7ff2b59fe000 rw-p 00023000 08:02 16385010                   /lib/x86_64-linux-gnu/ld-2.19.so
7ff2b59fe000-7ff2b59ff000 rw-p 00000000 00:00 0 
7fffe0643000-7fffe0664000 rw-p 00000000 00:00 0                          [stack]
7fffe06d3000-7fffe06d5000 r-xp 00000000 00:00 0                          [vdso]
ffffffffff600000-ffffffffff601000 r-xp 00000000 00:00 0                  [vsyscall]

VM Arguments:
jvm_args: -agentlib:jdwp=transport=dt_socket,suspend=y,address=localhost:44839 -Dfile.encoding=UTF-8 
java_command: jsongkick.App
Launcher Type: SUN_STANDARD

Environment Variables:
PATH=/usr/local/sbin:/usr/local/bin:/usr/sbin:/usr/bin:/sbin:/bin:/usr/games:/usr/local/games
SHELL=/bin/bash
DISPLAY=:0

Signal Handlers:
SIGSEGV: [libjvm.so+0x9495e0], sa_mask[0]=0x7ffbfeff, sa_flags=0x10000004
SIGBUS: [libjvm.so+0x9495e0], sa_mask[0]=0x7ffbfeff, sa_flags=0x10000004
SIGFPE: [libjvm.so+0x7c3410], sa_mask[0]=0x7ffbfeff, sa_flags=0x10000004
SIGPIPE: [libjvm.so+0x7c3410], sa_mask[0]=0x7ffbfeff, sa_flags=0x10000004
SIGXFSZ: [libjvm.so+0x7c3410], sa_mask[0]=0x7ffbfeff, sa_flags=0x10000004
SIGILL: [libjvm.so+0x7c3410], sa_mask[0]=0x7ffbfeff, sa_flags=0x10000004
SIGUSR1: SIG_DFL, sa_mask[0]=0x00000000, sa_flags=0x00000000
SIGUSR2: [libjvm.so+0x7c32b0], sa_mask[0]=0x00000004, sa_flags=0x10000004
SIGHUP: [libjvm.so+0x7c3490], sa_mask[0]=0x7ffbfeff, sa_flags=0x10000004
SIGINT: [libjvm.so+0x7c3490], sa_mask[0]=0x7ffbfeff, sa_flags=0x10000004
SIGTERM: [libjvm.so+0x7c3490], sa_mask[0]=0x7ffbfeff, sa_flags=0x10000004
SIGQUIT: [libjvm.so+0x7c3490], sa_mask[0]=0x7ffbfeff, sa_flags=0x10000004
SIGTRAP: SIG_DFL, sa_mask[0]=0x00000000, sa_flags=0x00000000


---------------  S Y S T E M  ---------------

OS:Ubuntu 14.04 (trusty)
uname:Linux 3.13.0-40-generic #69-Ubuntu SMP Thu Nov 13 17:53:56 UTC 2014 x86_64
libc:glibc 2.19 NPTL 2.19 
rlimit: STACK 8192k, CORE 0k, NPROC 45270, NOFILE 4096, AS infinity
load average:0,15 0,35 0,38

/proc/meminfo:
MemTotal:        5995868 kB
MemFree:          433820 kB
Buffers:          143612 kB
Cached:          3422472 kB
SwapCached:            4 kB
Active:          3130984 kB
Inactive:        2100540 kB
Active(anon):    1668844 kB
Inactive(anon):   362112 kB
Active(file):    1462140 kB
Inactive(file):  1738428 kB
Unevictable:          32 kB
Mlocked:              32 kB
SwapTotal:       6173692 kB
SwapFree:        6173688 kB
Dirty:              2132 kB
Writeback:             0 kB
AnonPages:       1665552 kB
Mapped:           349436 kB
Shmem:            365516 kB
Slab:             189352 kB
SReclaimable:     153176 kB
SUnreclaim:        36176 kB
KernelStack:        5080 kB
PageTables:        42536 kB
NFS_Unstable:          0 kB
Bounce:                0 kB
WritebackTmp:          0 kB
CommitLimit:     9171624 kB
Committed_AS:    6145828 kB
VmallocTotal:   34359738367 kB
VmallocUsed:      408996 kB
VmallocChunk:   34359321084 kB
HardwareCorrupted:     0 kB
AnonHugePages:    796672 kB
HugePages_Total:       0
HugePages_Free:        0
HugePages_Rsvd:        0
HugePages_Surp:        0
Hugepagesize:       2048 kB
DirectMap4k:       84172 kB
DirectMap2M:     6090752 kB


CPU:total 4 (2 cores per cpu, 2 threads per core) family 6 model 58 stepping 9, cmov, cx8, fxsr, mmx, sse, sse2, sse3, ssse3, sse4.1, sse4.2, popcnt, avx, aes, erms, ht, tsc, tscinvbit, tscinv

/proc/cpuinfo:
processor	: 0
vendor_id	: GenuineIntel
cpu family	: 6
model		: 58
model name	: Intel(R) Core(TM) i5-3210M CPU @ 2.50GHz
stepping	: 9
microcode	: 0x12
cpu MHz		: 2501.000
cache size	: 3072 KB
physical id	: 0
siblings	: 4
core id		: 0
cpu cores	: 2
apicid		: 0
initial apicid	: 0
fpu		: yes
fpu_exception	: yes
cpuid level	: 13
wp		: yes
flags		: fpu vme de pse tsc msr pae mce cx8 apic sep mtrr pge mca cmov pat pse36 clflush dts acpi mmx fxsr sse sse2 ss ht tm pbe syscall nx rdtscp lm constant_tsc arch_perfmon pebs bts rep_good nopl xtopology nonstop_tsc aperfmperf eagerfpu pni pclmulqdq dtes64 monitor ds_cpl vmx est tm2 ssse3 cx16 xtpr pdcm pcid sse4_1 sse4_2 x2apic popcnt tsc_deadline_timer aes xsave avx f16c rdrand lahf_lm ida arat epb xsaveopt pln pts dtherm tpr_shadow vnmi flexpriority ept vpid fsgsbase smep erms
bogomips	: 4988.46
clflush size	: 64
cache_alignment	: 64
address sizes	: 36 bits physical, 48 bits virtual
power management:

processor	: 1
vendor_id	: GenuineIntel
cpu family	: 6
model		: 58
model name	: Intel(R) Core(TM) i5-3210M CPU @ 2.50GHz
stepping	: 9
microcode	: 0x12
cpu MHz		: 2100.000
cache size	: 3072 KB
physical id	: 0
siblings	: 4
core id		: 1
cpu cores	: 2
apicid		: 2
initial apicid	: 2
fpu		: yes
fpu_exception	: yes
cpuid level	: 13
wp		: yes
flags		: fpu vme de pse tsc msr pae mce cx8 apic sep mtrr pge mca cmov pat pse36 clflush dts acpi mmx fxsr sse sse2 ss ht tm pbe syscall nx rdtscp lm constant_tsc arch_perfmon pebs bts rep_good nopl xtopology nonstop_tsc aperfmperf eagerfpu pni pclmulqdq dtes64 monitor ds_cpl vmx est tm2 ssse3 cx16 xtpr pdcm pcid sse4_1 sse4_2 x2apic popcnt tsc_deadline_timer aes xsave avx f16c rdrand lahf_lm ida arat epb xsaveopt pln pts dtherm tpr_shadow vnmi flexpriority ept vpid fsgsbase smep erms
bogomips	: 4988.46
clflush size	: 64
cache_alignment	: 64
address sizes	: 36 bits physical, 48 bits virtual
power management:

processor	: 2
vendor_id	: GenuineIntel
cpu family	: 6
model		: 58
model name	: Intel(R) Core(TM) i5-3210M CPU @ 2.50GHz
stepping	: 9
microcode	: 0x12
cpu MHz		: 2100.000
cache size	: 3072 KB
physical id	: 0
siblings	: 4
core id		: 0
cpu cores	: 2
apicid		: 1
initial apicid	: 1
fpu		: yes
fpu_exception	: yes
cpuid level	: 13
wp		: yes
flags		: fpu vme de pse tsc msr pae mce cx8 apic sep mtrr pge mca cmov pat pse36 clflush dts acpi mmx fxsr sse sse2 ss ht tm pbe syscall nx rdtscp lm constant_tsc arch_perfmon pebs bts rep_good nopl xtopology nonstop_tsc aperfmperf eagerfpu pni pclmulqdq dtes64 monitor ds_cpl vmx est tm2 ssse3 cx16 xtpr pdcm pcid sse4_1 sse4_2 x2apic popcnt tsc_deadline_timer aes xsave avx f16c rdrand lahf_lm ida arat epb xsaveopt pln pts dtherm tpr_shadow vnmi flexpriority ept vpid fsgsbase smep erms
bogomips	: 4988.46
clflush size	: 64
cache_alignment	: 64
address sizes	: 36 bits physical, 48 bits virtual
power management:

processor	: 3
vendor_id	: GenuineIntel
cpu family	: 6
model		: 58
model name	: Intel(R) Core(TM) i5-3210M CPU @ 2.50GHz
stepping	: 9
microcode	: 0x12
cpu MHz		: 1500.000
cache size	: 3072 KB
physical id	: 0
siblings	: 4
core id		: 1
cpu cores	: 2
apicid		: 3
initial apicid	: 3
fpu		: yes
fpu_exception	: yes
cpuid level	: 13
wp		: yes
flags		: fpu vme de pse tsc msr pae mce cx8 apic sep mtrr pge mca cmov pat pse36 clflush dts acpi mmx fxsr sse sse2 ss ht tm pbe syscall nx rdtscp lm constant_tsc arch_perfmon pebs bts rep_good nopl xtopology nonstop_tsc aperfmperf eagerfpu pni pclmulqdq dtes64 monitor ds_cpl vmx est tm2 ssse3 cx16 xtpr pdcm pcid sse4_1 sse4_2 x2apic popcnt tsc_deadline_timer aes xsave avx f16c rdrand lahf_lm ida arat epb xsaveopt pln pts dtherm tpr_shadow vnmi flexpriority ept vpid fsgsbase smep erms
bogomips	: 4988.46
clflush size	: 64
cache_alignment	: 64
address sizes	: 36 bits physical, 48 bits virtual
power management:



Memory: 4k page, physical 5995868k(433820k free), swap 6173692k(6173688k free)

vm_info: OpenJDK 64-Bit Server VM (24.65-b04) for linux-amd64 JRE (1.7.0_65-b32), built on Oct 22 2014 04:37:44 by "buildd" with gcc 4.8.2

time: Tue Dec  2 12:03:24 2014
elapsed time: 300 seconds

